==========================================
SLURM_JOB_ID = 24574
SLURM_NODELIST = pascal-node01.l3s.intra
==========================================
==========================================
SLURM_JOB_ID   = 24574
SLURM_NODELIST = pascal-node01.l3s.intra
CUDA_VISIBLE_DEVICES = 0
==========================================
[INFO] Job started on pascal-node01 at Sun Jan 18 09:01:55 AM CET 2026
[INFO] REPO_ROOT=/home/christian.jesinghaus/FL/130126/MTL-LoRA
[RUN] OUT_DIR=/home/christian.jesinghaus/FL/130126/MTL-LoRA/outputs/roberta_glue_mlora_1gpu_24574
[RUN] REPO_DIR=/home/christian.jesinghaus/FL/130126/MTL-LoRA
[RUN] CONTAINER_IMAGE=/home/christian.jesinghaus/FL/130126/MTL-LoRA/docker_1.sif
[RUN] OMP_NUM_THREADS=16
[RUN] CMD=python3 -u run_glue_roberta_mtl_mlora_train_single_gpu.py --output_dir /home/christian.jesinghaus/FL/130126/MTL-LoRA/outputs/roberta_glue_mlora_1gpu_24574 --epochs 2 --train_batch_size 8 --eval_batch_size 32 --grad_accum_steps 2 --learning_rate 2e-4 --warmup_ratio 0.06 --max_length 256 --freeze_bias --freeze_layernorm --lora_r 8 --lora_alpha 16 --lora_dropout 0.05 --num_B 3 --temperature 0.1 --fp16 --save_pre_eval_ckpt --save_eval_details --eval_details_max_examples 200 
[RUN] REPO_DIR=/home/christian.jesinghaus/FL/130126/MTL-LoRA
[RUN] CONTAINER_IMAGE=/home/christian.jesinghaus/FL/130126/MTL-LoRA/docker_1.sif
[RUN] HF_HOME=/home/christian.jesinghaus/.cache/huggingface
[RUN] CUDA_VISIBLE_DEVICES=0
[RUN] OMP_NUM_THREADS=16
[RUN] CMD=cd '/home/christian.jesinghaus/FL/130126/MTL-LoRA' && python3 -u run_glue_roberta_mtl_mlora_train_single_gpu.py --output_dir /home/christian.jesinghaus/FL/130126/MTL-LoRA/outputs/roberta_glue_mlora_1gpu_24574 --epochs 2 --train_batch_size 8 --eval_batch_size 32 --grad_accum_steps 2 --learning_rate 2e-4 --warmup_ratio 0.06 --max_length 256 --freeze_bias --freeze_layernorm --lora_r 8 --lora_alpha 16 --lora_dropout 0.05 --num_B 3 --temperature 0.1 --fp16 --save_pre_eval_ckpt --save_eval_details --eval_details_max_examples 200 
[INFO] device=cuda use_amp=True
[INFO] output_dir=/home/christian.jesinghaus/FL/130126/MTL-LoRA/outputs/roberta_glue_mlora_1gpu_24574
[INFO] HF_HOME=/home/christian.jesinghaus/.cache/huggingface
[INFO] glue_disk_cache_dir=/home/christian.jesinghaus/.cache/huggingface/glue_disk_cache
[INFO] hf_datasets_cache_dir=/home/christian.jesinghaus/.cache/huggingface/datasets
[INFO] hf_token_present=yes
[INFO] Replaced 48 Linear layers with mLoRALinear
[INFO] train_bias=False train_layernorm=False
[INFO] GLUE/cola: loading from disk cache: /home/christian.jesinghaus/.cache/huggingface/glue_disk_cache/glue_cola
[INFO] GLUE/sst2: loading from disk cache: /home/christian.jesinghaus/.cache/huggingface/glue_disk_cache/glue_sst2
[INFO] GLUE/mrpc: loading from disk cache: /home/christian.jesinghaus/.cache/huggingface/glue_disk_cache/glue_mrpc
[INFO] GLUE/qqp: loading from disk cache: /home/christian.jesinghaus/.cache/huggingface/glue_disk_cache/glue_qqp
[INFO] GLUE/mnli: loading from disk cache: /home/christian.jesinghaus/.cache/huggingface/glue_disk_cache/glue_mnli
[INFO] GLUE/qnli: loading from disk cache: /home/christian.jesinghaus/.cache/huggingface/glue_disk_cache/glue_qnli
[INFO] GLUE/rte: loading from disk cache: /home/christian.jesinghaus/.cache/huggingface/glue_disk_cache/glue_rte
[INFO] GLUE/stsb: loading from disk cache: /home/christian.jesinghaus/.cache/huggingface/glue_disk_cache/glue_stsb
[CKPT] saved /home/christian.jesinghaus/FL/130126/MTL-LoRA/outputs/roberta_glue_mlora_1gpu_24574/checkpoints/ckpt_train_step2500.pt
[CKPT] saved /home/christian.jesinghaus/FL/130126/MTL-LoRA/outputs/roberta_glue_mlora_1gpu_24574/checkpoints/ckpt_train_step5000.pt
[CKPT] saved /home/christian.jesinghaus/FL/130126/MTL-LoRA/outputs/roberta_glue_mlora_1gpu_24574/checkpoints/ckpt_train_step7500.pt
[CKPT] removed old checkpoint: ckpt_train_step2500.pt
[CKPT] saved /home/christian.jesinghaus/FL/130126/MTL-LoRA/outputs/roberta_glue_mlora_1gpu_24574/checkpoints/ckpt_train_step10000.pt
[CKPT] removed old checkpoint: ckpt_train_step5000.pt
[CKPT] saved /home/christian.jesinghaus/FL/130126/MTL-LoRA/outputs/roberta_glue_mlora_1gpu_24574/checkpoints/ckpt_train_step12500.pt
[CKPT] removed old checkpoint: ckpt_train_step7500.pt
[CKPT] saved /home/christian.jesinghaus/FL/130126/MTL-LoRA/outputs/roberta_glue_mlora_1gpu_24574/checkpoints/ckpt_train_step15000.pt
[CKPT] removed old checkpoint: ckpt_train_step10000.pt
[CKPT] saved /home/christian.jesinghaus/FL/130126/MTL-LoRA/outputs/roberta_glue_mlora_1gpu_24574/checkpoints/ckpt_train_step17500.pt
[CKPT] removed old checkpoint: ckpt_train_step12500.pt
[CKPT] saved /home/christian.jesinghaus/FL/130126/MTL-LoRA/outputs/roberta_glue_mlora_1gpu_24574/checkpoints/ckpt_train_step20000.pt
[CKPT] removed old checkpoint: ckpt_train_step15000.pt
[CKPT] saved /home/christian.jesinghaus/FL/130126/MTL-LoRA/outputs/roberta_glue_mlora_1gpu_24574/checkpoints/ckpt_train_step22500.pt
[CKPT] removed old checkpoint: ckpt_train_step17500.pt
[CKPT] saved /home/christian.jesinghaus/FL/130126/MTL-LoRA/outputs/roberta_glue_mlora_1gpu_24574/checkpoints/ckpt_train_step25000.pt
[CKPT] removed old checkpoint: ckpt_train_step20000.pt
[CKPT] saved /home/christian.jesinghaus/FL/130126/MTL-LoRA/outputs/roberta_glue_mlora_1gpu_24574/checkpoints/ckpt_train_step27500.pt
[CKPT] removed old checkpoint: ckpt_train_step22500.pt
[CKPT] saved /home/christian.jesinghaus/FL/130126/MTL-LoRA/outputs/roberta_glue_mlora_1gpu_24574/checkpoints/ckpt_train_step30000.pt
[CKPT] removed old checkpoint: ckpt_train_step25000.pt
[CKPT] saved /home/christian.jesinghaus/FL/130126/MTL-LoRA/outputs/roberta_glue_mlora_1gpu_24574/checkpoints/ckpt_train_step32500.pt
[CKPT] removed old checkpoint: ckpt_train_step27500.pt
[CKPT] saved /home/christian.jesinghaus/FL/130126/MTL-LoRA/outputs/roberta_glue_mlora_1gpu_24574/checkpoints/ckpt_train_step35000.pt
[CKPT] removed old checkpoint: ckpt_train_step30000.pt
[CKPT] saved /home/christian.jesinghaus/FL/130126/MTL-LoRA/outputs/roberta_glue_mlora_1gpu_24574/checkpoints/ckpt_train_step37500.pt
[CKPT] removed old checkpoint: ckpt_train_step32500.pt
[CKPT] saved /home/christian.jesinghaus/FL/130126/MTL-LoRA/outputs/roberta_glue_mlora_1gpu_24574/checkpoints/ckpt_train_step40000.pt
[CKPT] removed old checkpoint: ckpt_train_step35000.pt
[CKPT] saved /home/christian.jesinghaus/FL/130126/MTL-LoRA/outputs/roberta_glue_mlora_1gpu_24574/checkpoints/ckpt_train_step42500.pt
[CKPT] removed old checkpoint: ckpt_train_step37500.pt
[CKPT] saved /home/christian.jesinghaus/FL/130126/MTL-LoRA/outputs/roberta_glue_mlora_1gpu_24574/checkpoints/ckpt_train_step45000.pt
[CKPT] removed old checkpoint: ckpt_train_step40000.pt
[CKPT] saved /home/christian.jesinghaus/FL/130126/MTL-LoRA/outputs/roberta_glue_mlora_1gpu_24574/checkpoints/ckpt_train_step47500.pt
[CKPT] removed old checkpoint: ckpt_train_step42500.pt
[CKPT] saved /home/christian.jesinghaus/FL/130126/MTL-LoRA/outputs/roberta_glue_mlora_1gpu_24574/checkpoints/ckpt_train_step50000.pt
[CKPT] removed old checkpoint: ckpt_train_step45000.pt
[CKPT] saved /home/christian.jesinghaus/FL/130126/MTL-LoRA/outputs/roberta_glue_mlora_1gpu_24574/checkpoints/ckpt_train_step52500.pt
[CKPT] removed old checkpoint: ckpt_train_step47500.pt
[CKPT] saved /home/christian.jesinghaus/FL/130126/MTL-LoRA/outputs/roberta_glue_mlora_1gpu_24574/checkpoints/ckpt_train_step55000.pt
[CKPT] removed old checkpoint: ckpt_train_step50000.pt
[CKPT] saved /home/christian.jesinghaus/FL/130126/MTL-LoRA/outputs/roberta_glue_mlora_1gpu_24574/checkpoints/ckpt_train_step57500.pt
[CKPT] removed old checkpoint: ckpt_train_step52500.pt
[CKPT] saved /home/christian.jesinghaus/FL/130126/MTL-LoRA/outputs/roberta_glue_mlora_1gpu_24574/checkpoints/ckpt_epoch1_pre_eval_step59320.pt
[CKPT] removed old checkpoint: ckpt_train_step55000.pt
[eval] epoch=1/2
{
  "cola": {
    "validation_mcc": 0.433128798177375
  },
  "sst2": {
    "validation_acc": 0.9334862385321101
  },
  "mrpc": {
    "validation_acc": 0.8553921568627451,
    "validation_f1": 0.8940754039497307
  },
  "qqp": {
    "validation_acc": 0.8817709621568143,
    "validation_f1": 0.8437295671505165
  },
  "mnli": {
    "validation_matched_acc": 0.8583800305654611,
    "validation_mismatched_acc": 0.854759967453214,
    "validation_avg_acc": 0.8565699990093376
  },
  "qnli": {
    "validation_acc": 0.9049972542559034
  },
  "rte": {
    "validation_acc": 0.7870036101083032
  },
  "stsb": {
    "validation_pearson": 0.8979590936882091
  },
  "glue_avg": {
    "avg": 0.8187885140988497
  }
}
[INFO] Saved adapter/head weights to /home/christian.jesinghaus/FL/130126/MTL-LoRA/outputs/roberta_glue_mlora_1gpu_24574
[CKPT] saved /home/christian.jesinghaus/FL/130126/MTL-LoRA/outputs/roberta_glue_mlora_1gpu_24574/checkpoints/ckpt_train_step60000.pt
[CKPT] removed old checkpoint: ckpt_train_step57500.pt
[CKPT] saved /home/christian.jesinghaus/FL/130126/MTL-LoRA/outputs/roberta_glue_mlora_1gpu_24574/checkpoints/ckpt_train_step62500.pt
[CKPT] removed old checkpoint: ckpt_epoch1_pre_eval_step59320.pt
[CKPT] saved /home/christian.jesinghaus/FL/130126/MTL-LoRA/outputs/roberta_glue_mlora_1gpu_24574/checkpoints/ckpt_train_step65000.pt
[CKPT] removed old checkpoint: ckpt_train_step60000.pt
[CKPT] saved /home/christian.jesinghaus/FL/130126/MTL-LoRA/outputs/roberta_glue_mlora_1gpu_24574/checkpoints/ckpt_train_step67500.pt
[CKPT] removed old checkpoint: ckpt_train_step62500.pt
[CKPT] saved /home/christian.jesinghaus/FL/130126/MTL-LoRA/outputs/roberta_glue_mlora_1gpu_24574/checkpoints/ckpt_train_step70000.pt
[CKPT] removed old checkpoint: ckpt_train_step65000.pt
[CKPT] saved /home/christian.jesinghaus/FL/130126/MTL-LoRA/outputs/roberta_glue_mlora_1gpu_24574/checkpoints/ckpt_train_step72500.pt
[CKPT] removed old checkpoint: ckpt_train_step67500.pt
[CKPT] saved /home/christian.jesinghaus/FL/130126/MTL-LoRA/outputs/roberta_glue_mlora_1gpu_24574/checkpoints/ckpt_train_step75000.pt
[CKPT] removed old checkpoint: ckpt_train_step70000.pt
[CKPT] saved /home/christian.jesinghaus/FL/130126/MTL-LoRA/outputs/roberta_glue_mlora_1gpu_24574/checkpoints/ckpt_train_step77500.pt
[CKPT] removed old checkpoint: ckpt_train_step72500.pt
[CKPT] saved /home/christian.jesinghaus/FL/130126/MTL-LoRA/outputs/roberta_glue_mlora_1gpu_24574/checkpoints/ckpt_train_step80000.pt
[CKPT] removed old checkpoint: ckpt_train_step75000.pt
[CKPT] saved /home/christian.jesinghaus/FL/130126/MTL-LoRA/outputs/roberta_glue_mlora_1gpu_24574/checkpoints/ckpt_train_step82500.pt
[CKPT] removed old checkpoint: ckpt_train_step77500.pt
[CKPT] saved /home/christian.jesinghaus/FL/130126/MTL-LoRA/outputs/roberta_glue_mlora_1gpu_24574/checkpoints/ckpt_train_step85000.pt
[CKPT] removed old checkpoint: ckpt_train_step80000.pt
[CKPT] saved /home/christian.jesinghaus/FL/130126/MTL-LoRA/outputs/roberta_glue_mlora_1gpu_24574/checkpoints/ckpt_train_step87500.pt
[CKPT] removed old checkpoint: ckpt_train_step82500.pt
[CKPT] saved /home/christian.jesinghaus/FL/130126/MTL-LoRA/outputs/roberta_glue_mlora_1gpu_24574/checkpoints/ckpt_train_step90000.pt
[CKPT] removed old checkpoint: ckpt_train_step85000.pt
[CKPT] saved /home/christian.jesinghaus/FL/130126/MTL-LoRA/outputs/roberta_glue_mlora_1gpu_24574/checkpoints/ckpt_train_step92500.pt
[CKPT] removed old checkpoint: ckpt_train_step87500.pt
[CKPT] saved /home/christian.jesinghaus/FL/130126/MTL-LoRA/outputs/roberta_glue_mlora_1gpu_24574/checkpoints/ckpt_train_step95000.pt
[CKPT] removed old checkpoint: ckpt_train_step90000.pt
[CKPT] saved /home/christian.jesinghaus/FL/130126/MTL-LoRA/outputs/roberta_glue_mlora_1gpu_24574/checkpoints/ckpt_train_step97500.pt
[CKPT] removed old checkpoint: ckpt_train_step92500.pt
[CKPT] saved /home/christian.jesinghaus/FL/130126/MTL-LoRA/outputs/roberta_glue_mlora_1gpu_24574/checkpoints/ckpt_train_step100000.pt
[CKPT] removed old checkpoint: ckpt_train_step95000.pt
[CKPT] saved /home/christian.jesinghaus/FL/130126/MTL-LoRA/outputs/roberta_glue_mlora_1gpu_24574/checkpoints/ckpt_train_step102500.pt
[CKPT] removed old checkpoint: ckpt_train_step97500.pt
[CKPT] saved /home/christian.jesinghaus/FL/130126/MTL-LoRA/outputs/roberta_glue_mlora_1gpu_24574/checkpoints/ckpt_train_step105000.pt
[CKPT] removed old checkpoint: ckpt_train_step100000.pt
[CKPT] saved /home/christian.jesinghaus/FL/130126/MTL-LoRA/outputs/roberta_glue_mlora_1gpu_24574/checkpoints/ckpt_train_step107500.pt
[CKPT] removed old checkpoint: ckpt_train_step102500.pt
[CKPT] saved /home/christian.jesinghaus/FL/130126/MTL-LoRA/outputs/roberta_glue_mlora_1gpu_24574/checkpoints/ckpt_train_step110000.pt
[CKPT] removed old checkpoint: ckpt_train_step105000.pt
[CKPT] saved /home/christian.jesinghaus/FL/130126/MTL-LoRA/outputs/roberta_glue_mlora_1gpu_24574/checkpoints/ckpt_train_step112500.pt
[CKPT] removed old checkpoint: ckpt_train_step107500.pt
[CKPT] saved /home/christian.jesinghaus/FL/130126/MTL-LoRA/outputs/roberta_glue_mlora_1gpu_24574/checkpoints/ckpt_train_step115000.pt
[CKPT] removed old checkpoint: ckpt_train_step110000.pt
[CKPT] saved /home/christian.jesinghaus/FL/130126/MTL-LoRA/outputs/roberta_glue_mlora_1gpu_24574/checkpoints/ckpt_train_step117500.pt
[CKPT] removed old checkpoint: ckpt_train_step112500.pt
[CKPT] saved /home/christian.jesinghaus/FL/130126/MTL-LoRA/outputs/roberta_glue_mlora_1gpu_24574/checkpoints/ckpt_epoch2_pre_eval_step118640.pt
[CKPT] removed old checkpoint: ckpt_train_step115000.pt
[eval] epoch=2/2
{
  "cola": {
    "validation_mcc": 0.5050885375584
  },
  "sst2": {
    "validation_acc": 0.9426605504587156
  },
  "mrpc": {
    "validation_acc": 0.8823529411764706,
    "validation_f1": 0.9148936170212766
  },
  "qqp": {
    "validation_acc": 0.8914419985159535,
    "validation_f1": 0.8563291760777767
  },
  "mnli": {
    "validation_matched_acc": 0.8681609780947529,
    "validation_mismatched_acc": 0.8661513425549227,
    "validation_avg_acc": 0.8671561603248378
  },
  "qnli": {
    "validation_acc": 0.9225700164744646
  },
  "rte": {
    "validation_acc": 0.776173285198556
  },
  "stsb": {
    "validation_pearson": 0.909658828511078
  },
  "glue_avg": {
    "avg": 0.8371377897773096
  }
}
[INFO] Saved adapter/head weights to /home/christian.jesinghaus/FL/130126/MTL-LoRA/outputs/roberta_glue_mlora_1gpu_24574
[INFO] Job finished at Sun Jan 18 13:59:05 CET 2026
