==========================================
SLURM_JOB_ID = 24575
SLURM_NODELIST = pascal-node01.l3s.intra
==========================================
==========================================
SLURM_JOB_ID   = 24575
SLURM_NODELIST = pascal-node01.l3s.intra
CUDA_VISIBLE_DEVICES = 0
==========================================
[INFO] Job started on pascal-node01 at Sun Jan 18 09:02:19 AM CET 2026
[INFO] REPO_ROOT=/home/christian.jesinghaus/FL/130126/MTL-LoRA
[RUN] OUT_DIR=/home/christian.jesinghaus/FL/130126/MTL-LoRA/outputs/roberta_glue_mlora_1gpu_24575
[RUN] REPO_DIR=/home/christian.jesinghaus/FL/130126/MTL-LoRA
[RUN] CONTAINER_IMAGE=/home/christian.jesinghaus/FL/130126/MTL-LoRA/docker_1.sif
[RUN] OMP_NUM_THREADS=16
[RUN] CMD=python3 -u run_glue_roberta_mtl_mlora_train_single_gpu.py --output_dir /home/christian.jesinghaus/FL/130126/MTL-LoRA/outputs/roberta_glue_mlora_1gpu_24575 --epochs 3 --train_batch_size 8 --eval_batch_size 32 --grad_accum_steps 2 --learning_rate 2e-4 --warmup_ratio 0.06 --max_length 256 --freeze_bias --freeze_layernorm --lora_r 8 --lora_alpha 16 --lora_dropout 0.05 --num_B 3 --temperature 0.1 --fp16 --save_pre_eval_ckpt --save_eval_details --eval_details_max_examples 200 
[RUN] REPO_DIR=/home/christian.jesinghaus/FL/130126/MTL-LoRA
[RUN] CONTAINER_IMAGE=/home/christian.jesinghaus/FL/130126/MTL-LoRA/docker_1.sif
[RUN] HF_HOME=/home/christian.jesinghaus/.cache/huggingface
[RUN] CUDA_VISIBLE_DEVICES=0
[RUN] OMP_NUM_THREADS=16
[RUN] CMD=cd '/home/christian.jesinghaus/FL/130126/MTL-LoRA' && python3 -u run_glue_roberta_mtl_mlora_train_single_gpu.py --output_dir /home/christian.jesinghaus/FL/130126/MTL-LoRA/outputs/roberta_glue_mlora_1gpu_24575 --epochs 3 --train_batch_size 8 --eval_batch_size 32 --grad_accum_steps 2 --learning_rate 2e-4 --warmup_ratio 0.06 --max_length 256 --freeze_bias --freeze_layernorm --lora_r 8 --lora_alpha 16 --lora_dropout 0.05 --num_B 3 --temperature 0.1 --fp16 --save_pre_eval_ckpt --save_eval_details --eval_details_max_examples 200 
[INFO] device=cuda use_amp=True
[INFO] output_dir=/home/christian.jesinghaus/FL/130126/MTL-LoRA/outputs/roberta_glue_mlora_1gpu_24575
[INFO] HF_HOME=/home/christian.jesinghaus/.cache/huggingface
[INFO] glue_disk_cache_dir=/home/christian.jesinghaus/.cache/huggingface/glue_disk_cache
[INFO] hf_datasets_cache_dir=/home/christian.jesinghaus/.cache/huggingface/datasets
[INFO] hf_token_present=yes
[INFO] Replaced 48 Linear layers with mLoRALinear
[INFO] train_bias=False train_layernorm=False
[INFO] GLUE/cola: loading from disk cache: /home/christian.jesinghaus/.cache/huggingface/glue_disk_cache/glue_cola
[INFO] GLUE/sst2: loading from disk cache: /home/christian.jesinghaus/.cache/huggingface/glue_disk_cache/glue_sst2
[INFO] GLUE/mrpc: loading from disk cache: /home/christian.jesinghaus/.cache/huggingface/glue_disk_cache/glue_mrpc
[INFO] GLUE/qqp: loading from disk cache: /home/christian.jesinghaus/.cache/huggingface/glue_disk_cache/glue_qqp
[INFO] GLUE/mnli: loading from disk cache: /home/christian.jesinghaus/.cache/huggingface/glue_disk_cache/glue_mnli
[INFO] GLUE/qnli: loading from disk cache: /home/christian.jesinghaus/.cache/huggingface/glue_disk_cache/glue_qnli
[INFO] GLUE/rte: loading from disk cache: /home/christian.jesinghaus/.cache/huggingface/glue_disk_cache/glue_rte
[INFO] GLUE/stsb: loading from disk cache: /home/christian.jesinghaus/.cache/huggingface/glue_disk_cache/glue_stsb
[CKPT] saved /home/christian.jesinghaus/FL/130126/MTL-LoRA/outputs/roberta_glue_mlora_1gpu_24575/checkpoints/ckpt_train_step2500.pt
[CKPT] saved /home/christian.jesinghaus/FL/130126/MTL-LoRA/outputs/roberta_glue_mlora_1gpu_24575/checkpoints/ckpt_train_step5000.pt
[CKPT] saved /home/christian.jesinghaus/FL/130126/MTL-LoRA/outputs/roberta_glue_mlora_1gpu_24575/checkpoints/ckpt_train_step7500.pt
[CKPT] removed old checkpoint: ckpt_train_step2500.pt
[CKPT] saved /home/christian.jesinghaus/FL/130126/MTL-LoRA/outputs/roberta_glue_mlora_1gpu_24575/checkpoints/ckpt_train_step10000.pt
[CKPT] removed old checkpoint: ckpt_train_step5000.pt
[CKPT] saved /home/christian.jesinghaus/FL/130126/MTL-LoRA/outputs/roberta_glue_mlora_1gpu_24575/checkpoints/ckpt_train_step12500.pt
[CKPT] removed old checkpoint: ckpt_train_step7500.pt
[CKPT] saved /home/christian.jesinghaus/FL/130126/MTL-LoRA/outputs/roberta_glue_mlora_1gpu_24575/checkpoints/ckpt_train_step15000.pt
[CKPT] removed old checkpoint: ckpt_train_step10000.pt
[CKPT] saved /home/christian.jesinghaus/FL/130126/MTL-LoRA/outputs/roberta_glue_mlora_1gpu_24575/checkpoints/ckpt_train_step17500.pt
[CKPT] removed old checkpoint: ckpt_train_step12500.pt
[CKPT] saved /home/christian.jesinghaus/FL/130126/MTL-LoRA/outputs/roberta_glue_mlora_1gpu_24575/checkpoints/ckpt_train_step20000.pt
[CKPT] removed old checkpoint: ckpt_train_step15000.pt
[CKPT] saved /home/christian.jesinghaus/FL/130126/MTL-LoRA/outputs/roberta_glue_mlora_1gpu_24575/checkpoints/ckpt_train_step22500.pt
[CKPT] removed old checkpoint: ckpt_train_step17500.pt
[CKPT] saved /home/christian.jesinghaus/FL/130126/MTL-LoRA/outputs/roberta_glue_mlora_1gpu_24575/checkpoints/ckpt_train_step25000.pt
[CKPT] removed old checkpoint: ckpt_train_step20000.pt
[CKPT] saved /home/christian.jesinghaus/FL/130126/MTL-LoRA/outputs/roberta_glue_mlora_1gpu_24575/checkpoints/ckpt_train_step27500.pt
[CKPT] removed old checkpoint: ckpt_train_step22500.pt
[CKPT] saved /home/christian.jesinghaus/FL/130126/MTL-LoRA/outputs/roberta_glue_mlora_1gpu_24575/checkpoints/ckpt_train_step30000.pt
[CKPT] removed old checkpoint: ckpt_train_step25000.pt
[CKPT] saved /home/christian.jesinghaus/FL/130126/MTL-LoRA/outputs/roberta_glue_mlora_1gpu_24575/checkpoints/ckpt_train_step32500.pt
[CKPT] removed old checkpoint: ckpt_train_step27500.pt
[CKPT] saved /home/christian.jesinghaus/FL/130126/MTL-LoRA/outputs/roberta_glue_mlora_1gpu_24575/checkpoints/ckpt_train_step35000.pt
[CKPT] removed old checkpoint: ckpt_train_step30000.pt
[CKPT] saved /home/christian.jesinghaus/FL/130126/MTL-LoRA/outputs/roberta_glue_mlora_1gpu_24575/checkpoints/ckpt_train_step37500.pt
[CKPT] removed old checkpoint: ckpt_train_step32500.pt
[CKPT] saved /home/christian.jesinghaus/FL/130126/MTL-LoRA/outputs/roberta_glue_mlora_1gpu_24575/checkpoints/ckpt_train_step40000.pt
[CKPT] removed old checkpoint: ckpt_train_step35000.pt
[CKPT] saved /home/christian.jesinghaus/FL/130126/MTL-LoRA/outputs/roberta_glue_mlora_1gpu_24575/checkpoints/ckpt_train_step42500.pt
[CKPT] removed old checkpoint: ckpt_train_step37500.pt
[CKPT] saved /home/christian.jesinghaus/FL/130126/MTL-LoRA/outputs/roberta_glue_mlora_1gpu_24575/checkpoints/ckpt_train_step45000.pt
[CKPT] removed old checkpoint: ckpt_train_step40000.pt
[CKPT] saved /home/christian.jesinghaus/FL/130126/MTL-LoRA/outputs/roberta_glue_mlora_1gpu_24575/checkpoints/ckpt_train_step47500.pt
[CKPT] removed old checkpoint: ckpt_train_step42500.pt
[CKPT] saved /home/christian.jesinghaus/FL/130126/MTL-LoRA/outputs/roberta_glue_mlora_1gpu_24575/checkpoints/ckpt_train_step50000.pt
[CKPT] removed old checkpoint: ckpt_train_step45000.pt
[CKPT] saved /home/christian.jesinghaus/FL/130126/MTL-LoRA/outputs/roberta_glue_mlora_1gpu_24575/checkpoints/ckpt_train_step52500.pt
[CKPT] removed old checkpoint: ckpt_train_step47500.pt
[CKPT] saved /home/christian.jesinghaus/FL/130126/MTL-LoRA/outputs/roberta_glue_mlora_1gpu_24575/checkpoints/ckpt_train_step55000.pt
[CKPT] removed old checkpoint: ckpt_train_step50000.pt
[CKPT] saved /home/christian.jesinghaus/FL/130126/MTL-LoRA/outputs/roberta_glue_mlora_1gpu_24575/checkpoints/ckpt_train_step57500.pt
[CKPT] removed old checkpoint: ckpt_train_step52500.pt
[CKPT] saved /home/christian.jesinghaus/FL/130126/MTL-LoRA/outputs/roberta_glue_mlora_1gpu_24575/checkpoints/ckpt_epoch1_pre_eval_step59320.pt
[CKPT] removed old checkpoint: ckpt_train_step55000.pt
[eval] epoch=1/3
{
  "cola": {
    "validation_mcc": 0.44631217708365717
  },
  "sst2": {
    "validation_acc": 0.9208715596330275
  },
  "mrpc": {
    "validation_acc": 0.8553921568627451,
    "validation_f1": 0.8933092224231465
  },
  "qqp": {
    "validation_acc": 0.8806826613900569,
    "validation_f1": 0.8408130939809926
  },
  "mnli": {
    "validation_matched_acc": 0.8563423331635253,
    "validation_mismatched_acc": 0.8532343368592351,
    "validation_avg_acc": 0.8547883350113802
  },
  "qnli": {
    "validation_acc": 0.9086582463847702
  },
  "rte": {
    "validation_acc": 0.7725631768953068
  },
  "stsb": {
    "validation_pearson": 0.8965764267612062
  },
  "glue_avg": {
    "avg": 0.8169805925027688
  }
}
[INFO] Saved adapter/head weights to /home/christian.jesinghaus/FL/130126/MTL-LoRA/outputs/roberta_glue_mlora_1gpu_24575
[CKPT] saved /home/christian.jesinghaus/FL/130126/MTL-LoRA/outputs/roberta_glue_mlora_1gpu_24575/checkpoints/ckpt_train_step60000.pt
[CKPT] removed old checkpoint: ckpt_train_step57500.pt
[CKPT] saved /home/christian.jesinghaus/FL/130126/MTL-LoRA/outputs/roberta_glue_mlora_1gpu_24575/checkpoints/ckpt_train_step62500.pt
[CKPT] removed old checkpoint: ckpt_epoch1_pre_eval_step59320.pt
[CKPT] saved /home/christian.jesinghaus/FL/130126/MTL-LoRA/outputs/roberta_glue_mlora_1gpu_24575/checkpoints/ckpt_train_step65000.pt
[CKPT] removed old checkpoint: ckpt_train_step60000.pt
[CKPT] saved /home/christian.jesinghaus/FL/130126/MTL-LoRA/outputs/roberta_glue_mlora_1gpu_24575/checkpoints/ckpt_train_step67500.pt
[CKPT] removed old checkpoint: ckpt_train_step62500.pt
[CKPT] saved /home/christian.jesinghaus/FL/130126/MTL-LoRA/outputs/roberta_glue_mlora_1gpu_24575/checkpoints/ckpt_train_step70000.pt
[CKPT] removed old checkpoint: ckpt_train_step65000.pt
[CKPT] saved /home/christian.jesinghaus/FL/130126/MTL-LoRA/outputs/roberta_glue_mlora_1gpu_24575/checkpoints/ckpt_train_step72500.pt
[CKPT] removed old checkpoint: ckpt_train_step67500.pt
[CKPT] saved /home/christian.jesinghaus/FL/130126/MTL-LoRA/outputs/roberta_glue_mlora_1gpu_24575/checkpoints/ckpt_train_step75000.pt
[CKPT] removed old checkpoint: ckpt_train_step70000.pt
[CKPT] saved /home/christian.jesinghaus/FL/130126/MTL-LoRA/outputs/roberta_glue_mlora_1gpu_24575/checkpoints/ckpt_train_step77500.pt
[CKPT] removed old checkpoint: ckpt_train_step72500.pt
[CKPT] saved /home/christian.jesinghaus/FL/130126/MTL-LoRA/outputs/roberta_glue_mlora_1gpu_24575/checkpoints/ckpt_train_step80000.pt
[CKPT] removed old checkpoint: ckpt_train_step75000.pt
[CKPT] saved /home/christian.jesinghaus/FL/130126/MTL-LoRA/outputs/roberta_glue_mlora_1gpu_24575/checkpoints/ckpt_train_step82500.pt
[CKPT] removed old checkpoint: ckpt_train_step77500.pt
[CKPT] saved /home/christian.jesinghaus/FL/130126/MTL-LoRA/outputs/roberta_glue_mlora_1gpu_24575/checkpoints/ckpt_train_step85000.pt
[CKPT] removed old checkpoint: ckpt_train_step80000.pt
[CKPT] saved /home/christian.jesinghaus/FL/130126/MTL-LoRA/outputs/roberta_glue_mlora_1gpu_24575/checkpoints/ckpt_train_step87500.pt
[CKPT] removed old checkpoint: ckpt_train_step82500.pt
[CKPT] saved /home/christian.jesinghaus/FL/130126/MTL-LoRA/outputs/roberta_glue_mlora_1gpu_24575/checkpoints/ckpt_train_step90000.pt
[CKPT] removed old checkpoint: ckpt_train_step85000.pt
[CKPT] saved /home/christian.jesinghaus/FL/130126/MTL-LoRA/outputs/roberta_glue_mlora_1gpu_24575/checkpoints/ckpt_train_step92500.pt
[CKPT] removed old checkpoint: ckpt_train_step87500.pt
[CKPT] saved /home/christian.jesinghaus/FL/130126/MTL-LoRA/outputs/roberta_glue_mlora_1gpu_24575/checkpoints/ckpt_train_step95000.pt
[CKPT] removed old checkpoint: ckpt_train_step90000.pt
[CKPT] saved /home/christian.jesinghaus/FL/130126/MTL-LoRA/outputs/roberta_glue_mlora_1gpu_24575/checkpoints/ckpt_train_step97500.pt
[CKPT] removed old checkpoint: ckpt_train_step92500.pt
[CKPT] saved /home/christian.jesinghaus/FL/130126/MTL-LoRA/outputs/roberta_glue_mlora_1gpu_24575/checkpoints/ckpt_train_step100000.pt
[CKPT] removed old checkpoint: ckpt_train_step95000.pt
[CKPT] saved /home/christian.jesinghaus/FL/130126/MTL-LoRA/outputs/roberta_glue_mlora_1gpu_24575/checkpoints/ckpt_train_step102500.pt
[CKPT] removed old checkpoint: ckpt_train_step97500.pt
[CKPT] saved /home/christian.jesinghaus/FL/130126/MTL-LoRA/outputs/roberta_glue_mlora_1gpu_24575/checkpoints/ckpt_train_step105000.pt
[CKPT] removed old checkpoint: ckpt_train_step100000.pt
[CKPT] saved /home/christian.jesinghaus/FL/130126/MTL-LoRA/outputs/roberta_glue_mlora_1gpu_24575/checkpoints/ckpt_train_step107500.pt
[CKPT] removed old checkpoint: ckpt_train_step102500.pt
[CKPT] saved /home/christian.jesinghaus/FL/130126/MTL-LoRA/outputs/roberta_glue_mlora_1gpu_24575/checkpoints/ckpt_train_step110000.pt
[CKPT] removed old checkpoint: ckpt_train_step105000.pt
[CKPT] saved /home/christian.jesinghaus/FL/130126/MTL-LoRA/outputs/roberta_glue_mlora_1gpu_24575/checkpoints/ckpt_train_step112500.pt
[CKPT] removed old checkpoint: ckpt_train_step107500.pt
[CKPT] saved /home/christian.jesinghaus/FL/130126/MTL-LoRA/outputs/roberta_glue_mlora_1gpu_24575/checkpoints/ckpt_train_step115000.pt
[CKPT] removed old checkpoint: ckpt_train_step110000.pt
[CKPT] saved /home/christian.jesinghaus/FL/130126/MTL-LoRA/outputs/roberta_glue_mlora_1gpu_24575/checkpoints/ckpt_train_step117500.pt
[CKPT] removed old checkpoint: ckpt_train_step112500.pt
[CKPT] saved /home/christian.jesinghaus/FL/130126/MTL-LoRA/outputs/roberta_glue_mlora_1gpu_24575/checkpoints/ckpt_epoch2_pre_eval_step118640.pt
[CKPT] removed old checkpoint: ckpt_train_step115000.pt
[eval] epoch=2/3
{
  "cola": {
    "validation_mcc": 0.4940817154665181
  },
  "sst2": {
    "validation_acc": 0.9311926605504587
  },
  "mrpc": {
    "validation_acc": 0.8553921568627451,
    "validation_f1": 0.8998302207130731
  },
  "qqp": {
    "validation_acc": 0.8899826861241652,
    "validation_f1": 0.8585421702073528
  },
  "mnli": {
    "validation_matched_acc": 0.8674477840040754,
    "validation_mismatched_acc": 0.8649308380797396,
    "validation_avg_acc": 0.8661893110419074
  },
  "qnli": {
    "validation_acc": 0.9196412227713711
  },
  "rte": {
    "validation_acc": 0.7942238267148014
  },
  "stsb": {
    "validation_pearson": 0.9026876390169354
  },
  "glue_avg": {
    "avg": 0.8316739023186127
  }
}
[INFO] Saved adapter/head weights to /home/christian.jesinghaus/FL/130126/MTL-LoRA/outputs/roberta_glue_mlora_1gpu_24575
[CKPT] saved /home/christian.jesinghaus/FL/130126/MTL-LoRA/outputs/roberta_glue_mlora_1gpu_24575/checkpoints/ckpt_train_step120000.pt
[CKPT] removed old checkpoint: ckpt_train_step117500.pt
[CKPT] saved /home/christian.jesinghaus/FL/130126/MTL-LoRA/outputs/roberta_glue_mlora_1gpu_24575/checkpoints/ckpt_train_step122500.pt
[CKPT] removed old checkpoint: ckpt_epoch2_pre_eval_step118640.pt
[CKPT] saved /home/christian.jesinghaus/FL/130126/MTL-LoRA/outputs/roberta_glue_mlora_1gpu_24575/checkpoints/ckpt_train_step125000.pt
[CKPT] removed old checkpoint: ckpt_train_step120000.pt
[CKPT] saved /home/christian.jesinghaus/FL/130126/MTL-LoRA/outputs/roberta_glue_mlora_1gpu_24575/checkpoints/ckpt_train_step127500.pt
[CKPT] removed old checkpoint: ckpt_train_step122500.pt
[CKPT] saved /home/christian.jesinghaus/FL/130126/MTL-LoRA/outputs/roberta_glue_mlora_1gpu_24575/checkpoints/ckpt_train_step130000.pt
[CKPT] removed old checkpoint: ckpt_train_step125000.pt
[CKPT] saved /home/christian.jesinghaus/FL/130126/MTL-LoRA/outputs/roberta_glue_mlora_1gpu_24575/checkpoints/ckpt_train_step132500.pt
[CKPT] removed old checkpoint: ckpt_train_step127500.pt
[CKPT] saved /home/christian.jesinghaus/FL/130126/MTL-LoRA/outputs/roberta_glue_mlora_1gpu_24575/checkpoints/ckpt_train_step135000.pt
[CKPT] removed old checkpoint: ckpt_train_step130000.pt
[CKPT] saved /home/christian.jesinghaus/FL/130126/MTL-LoRA/outputs/roberta_glue_mlora_1gpu_24575/checkpoints/ckpt_train_step137500.pt
[CKPT] removed old checkpoint: ckpt_train_step132500.pt
[CKPT] saved /home/christian.jesinghaus/FL/130126/MTL-LoRA/outputs/roberta_glue_mlora_1gpu_24575/checkpoints/ckpt_train_step140000.pt
[CKPT] removed old checkpoint: ckpt_train_step135000.pt
[CKPT] saved /home/christian.jesinghaus/FL/130126/MTL-LoRA/outputs/roberta_glue_mlora_1gpu_24575/checkpoints/ckpt_train_step142500.pt
[CKPT] removed old checkpoint: ckpt_train_step137500.pt
[CKPT] saved /home/christian.jesinghaus/FL/130126/MTL-LoRA/outputs/roberta_glue_mlora_1gpu_24575/checkpoints/ckpt_train_step145000.pt
[CKPT] removed old checkpoint: ckpt_train_step140000.pt
[CKPT] saved /home/christian.jesinghaus/FL/130126/MTL-LoRA/outputs/roberta_glue_mlora_1gpu_24575/checkpoints/ckpt_train_step147500.pt
[CKPT] removed old checkpoint: ckpt_train_step142500.pt
[CKPT] saved /home/christian.jesinghaus/FL/130126/MTL-LoRA/outputs/roberta_glue_mlora_1gpu_24575/checkpoints/ckpt_train_step150000.pt
[CKPT] removed old checkpoint: ckpt_train_step145000.pt
[CKPT] saved /home/christian.jesinghaus/FL/130126/MTL-LoRA/outputs/roberta_glue_mlora_1gpu_24575/checkpoints/ckpt_train_step152500.pt
[CKPT] removed old checkpoint: ckpt_train_step147500.pt
[CKPT] saved /home/christian.jesinghaus/FL/130126/MTL-LoRA/outputs/roberta_glue_mlora_1gpu_24575/checkpoints/ckpt_train_step155000.pt
[CKPT] removed old checkpoint: ckpt_train_step150000.pt
[CKPT] saved /home/christian.jesinghaus/FL/130126/MTL-LoRA/outputs/roberta_glue_mlora_1gpu_24575/checkpoints/ckpt_train_step157500.pt
[CKPT] removed old checkpoint: ckpt_train_step152500.pt
[CKPT] saved /home/christian.jesinghaus/FL/130126/MTL-LoRA/outputs/roberta_glue_mlora_1gpu_24575/checkpoints/ckpt_train_step160000.pt
[CKPT] removed old checkpoint: ckpt_train_step155000.pt
[CKPT] saved /home/christian.jesinghaus/FL/130126/MTL-LoRA/outputs/roberta_glue_mlora_1gpu_24575/checkpoints/ckpt_train_step162500.pt
[CKPT] removed old checkpoint: ckpt_train_step157500.pt
[CKPT] saved /home/christian.jesinghaus/FL/130126/MTL-LoRA/outputs/roberta_glue_mlora_1gpu_24575/checkpoints/ckpt_train_step165000.pt
[CKPT] removed old checkpoint: ckpt_train_step160000.pt
[CKPT] saved /home/christian.jesinghaus/FL/130126/MTL-LoRA/outputs/roberta_glue_mlora_1gpu_24575/checkpoints/ckpt_train_step167500.pt
[CKPT] removed old checkpoint: ckpt_train_step162500.pt
[CKPT] saved /home/christian.jesinghaus/FL/130126/MTL-LoRA/outputs/roberta_glue_mlora_1gpu_24575/checkpoints/ckpt_train_step170000.pt
[CKPT] removed old checkpoint: ckpt_train_step165000.pt
[CKPT] saved /home/christian.jesinghaus/FL/130126/MTL-LoRA/outputs/roberta_glue_mlora_1gpu_24575/checkpoints/ckpt_train_step172500.pt
[CKPT] removed old checkpoint: ckpt_train_step167500.pt
[CKPT] saved /home/christian.jesinghaus/FL/130126/MTL-LoRA/outputs/roberta_glue_mlora_1gpu_24575/checkpoints/ckpt_train_step175000.pt
[CKPT] removed old checkpoint: ckpt_train_step170000.pt
[CKPT] saved /home/christian.jesinghaus/FL/130126/MTL-LoRA/outputs/roberta_glue_mlora_1gpu_24575/checkpoints/ckpt_train_step177500.pt
[CKPT] removed old checkpoint: ckpt_train_step172500.pt
[CKPT] saved /home/christian.jesinghaus/FL/130126/MTL-LoRA/outputs/roberta_glue_mlora_1gpu_24575/checkpoints/ckpt_epoch3_pre_eval_step177960.pt
[CKPT] removed old checkpoint: ckpt_train_step175000.pt
[eval] epoch=3/3
{
  "cola": {
    "validation_mcc": 0.5550196600183235
  },
  "sst2": {
    "validation_acc": 0.9346330275229358
  },
  "mrpc": {
    "validation_acc": 0.8774509803921569,
    "validation_f1": 0.9131944444444444
  },
  "qqp": {
    "validation_acc": 0.8961909473163493,
    "validation_f1": 0.8620179504882138
  },
  "mnli": {
    "validation_matched_acc": 0.8691798267957208,
    "validation_mismatched_acc": 0.8681855166802278,
    "validation_avg_acc": 0.8686826717379743
  },
  "qnli": {
    "validation_acc": 0.9256818597840014
  },
  "rte": {
    "validation_acc": 0.7942238267148014
  },
  "stsb": {
    "validation_pearson": 0.9126698909941953
  },
  "glue_avg": {
    "avg": 0.8455691080600921
  }
}
[INFO] Saved adapter/head weights to /home/christian.jesinghaus/FL/130126/MTL-LoRA/outputs/roberta_glue_mlora_1gpu_24575
[INFO] Job finished at Sun Jan 18 16:31:10 CET 2026
