==========================================
SLURM_JOB_ID = 23129
SLURM_NODELIST = pascal-node02.l3s.intra
==========================================
==========================================
SLURM_JOB_ID = 23129
SLURM_NODELIST = pascal-node02.l3s.intra
==========================================
[INFO] Job started on pascal-node02 at Tue Jan 13 11:35:35 PM CET 2026
[INFO] REPO_ROOT=/home/christian.jesinghaus/FL/130126/MTL-LoRA
[INFO] REPO_ROOT=/home/christian.jesinghaus/FL/130126/MTL-LoRA
[INFO] CONTAINER=/home/christian.jesinghaus/FL/130126/MTL-LoRA/docker_1.sif
[INFO] OUT_DIR=/home/christian.jesinghaus/FL/130126/MTL-LoRA/outputs/roberta_glue_mlora_23129
[INFO] HF_HOME=/home/christian.jesinghaus/.cache/huggingface
[INFO] HF token present? yes
[INFO] Using Python inside container: python3
Python 3.8.10
[INFO] device=cuda use_amp=False
[INFO] HF_HOME=/home/christian.jesinghaus/.cache/huggingface
[INFO] glue_disk_cache_dir=/home/christian.jesinghaus/.cache/huggingface/glue_disk_cache
[INFO] hf_datasets_cache_dir=/home/christian.jesinghaus/.cache/huggingface/datasets
[INFO] hf_token_present=yes
[INFO] Replaced 48 Linear layers with mLoRALinear
[INFO] Trainable params: 1,217,680 / 125,272,720 (0.9720%)
[INFO] Trainable dtypes: ['torch.float32']
[INFO] GLUE/cola: loading from disk cache: /home/christian.jesinghaus/.cache/huggingface/glue_disk_cache/glue_cola
[INFO] GLUE/sst2: loading from disk cache: /home/christian.jesinghaus/.cache/huggingface/glue_disk_cache/glue_sst2
[INFO] GLUE/mrpc: loading from disk cache: /home/christian.jesinghaus/.cache/huggingface/glue_disk_cache/glue_mrpc
[INFO] GLUE/qqp: loading from disk cache: /home/christian.jesinghaus/.cache/huggingface/glue_disk_cache/glue_qqp
[INFO] GLUE/mnli: loading from disk cache: /home/christian.jesinghaus/.cache/huggingface/glue_disk_cache/glue_mnli
[INFO] GLUE/qnli: loading from disk cache: /home/christian.jesinghaus/.cache/huggingface/glue_disk_cache/glue_qnli
[INFO] GLUE/rte: loading from disk cache: /home/christian.jesinghaus/.cache/huggingface/glue_disk_cache/glue_rte
[INFO] GLUE/stsb: loading from disk cache: /home/christian.jesinghaus/.cache/huggingface/glue_disk_cache/glue_stsb
