[rank1]: Traceback (most recent call last):
[rank1]:   File "run_glue_roberta_mtl_lora.py", line 929, in <module>
[rank1]:     main()
[rank1]:   File "run_glue_roberta_mtl_lora.py", line 902, in main
[rank1]:     results = evaluate(model, task_data, device=device, use_amp=use_amp)
[rank1]:   File "/usr/local/lib/python3.8/dist-packages/torch/utils/_contextlib.py", line 115, in decorate_context
[rank1]:     return func(*args, **kwargs)
[rank1]:   File "run_glue_roberta_mtl_lora.py", line 591, in evaluate
[rank1]:     stats += torch.stack([n, sum_x, sum_y, sum_x2, sum_y2, sum_xy])
[rank1]: RuntimeError: stack expects each tensor to be equal size, but got [1] at entry 0 and [] at entry 1
[rank0]: Traceback (most recent call last):
[rank0]:   File "run_glue_roberta_mtl_lora.py", line 929, in <module>
[rank0]:     main()
[rank0]:   File "run_glue_roberta_mtl_lora.py", line 902, in main
[rank0]:     results = evaluate(model, task_data, device=device, use_amp=use_amp)
[rank0]:   File "/usr/local/lib/python3.8/dist-packages/torch/utils/_contextlib.py", line 115, in decorate_context
[rank0]:     return func(*args, **kwargs)
[rank0]:   File "run_glue_roberta_mtl_lora.py", line 591, in evaluate
[rank0]:     stats += torch.stack([n, sum_x, sum_y, sum_x2, sum_y2, sum_xy])
[rank0]: RuntimeError: stack expects each tensor to be equal size, but got [1] at entry 0 and [] at entry 1
W0114 13:27:28.209713 140618254370624 torch/distributed/elastic/multiprocessing/api.py:851] Sending process 1068282 closing signal SIGTERM
E0114 13:27:28.274690 140618254370624 torch/distributed/elastic/multiprocessing/api.py:826] failed (exitcode: 1) local_rank: 0 (pid: 1068281) of binary: /usr/bin/python3
Traceback (most recent call last):
  File "/usr/local/bin/torchrun", line 8, in <module>
    sys.exit(main())
  File "/usr/local/lib/python3.8/dist-packages/torch/distributed/elastic/multiprocessing/errors/__init__.py", line 347, in wrapper
    return f(*args, **kwargs)
  File "/usr/local/lib/python3.8/dist-packages/torch/distributed/run.py", line 879, in main
    run(args)
  File "/usr/local/lib/python3.8/dist-packages/torch/distributed/run.py", line 870, in run
    elastic_launch(
  File "/usr/local/lib/python3.8/dist-packages/torch/distributed/launcher/api.py", line 132, in __call__
    return launch_agent(self._config, self._entrypoint, list(args))
  File "/usr/local/lib/python3.8/dist-packages/torch/distributed/launcher/api.py", line 263, in launch_agent
    raise ChildFailedError(
torch.distributed.elastic.multiprocessing.errors.ChildFailedError: 
============================================================
run_glue_roberta_mtl_lora.py FAILED
------------------------------------------------------------
Failures:
  <NO_OTHER_FAILURES>
------------------------------------------------------------
Root Cause (first observed failure):
[0]:
  time      : 2026-01-14_13:27:28
  host      : pascal-node07
  rank      : 0 (local_rank: 0)
  exitcode  : 1 (pid: 1068281)
  error_file: <N/A>
  traceback : To enable traceback see: https://pytorch.org/docs/stable/elastic/errors.html
============================================================
