usage: run_glue_roberta_mtl_lora.py [-h] [--model_name MODEL_NAME]
                                    [--output_dir OUTPUT_DIR] [--seed SEED]
                                    [--epochs EPOCHS]
                                    [--train_batch_size TRAIN_BATCH_SIZE]
                                    [--eval_batch_size EVAL_BATCH_SIZE]
                                    [--grad_accum_steps GRAD_ACCUM_STEPS]
                                    [--learning_rate LEARNING_RATE]
                                    [--warmup_ratio WARMUP_RATIO]
                                    [--max_length MAX_LENGTH]
                                    [--num_workers NUM_WORKERS] [--fp16]
                                    [--lora_r LORA_R]
                                    [--lora_alpha LORA_ALPHA]
                                    [--lora_dropout LORA_DROPOUT]
                                    [--num_B NUM_B]
                                    [--temperature TEMPERATURE] [--offline]
                                    [--hf_token HF_TOKEN]
                                    [--glue_disk_cache_dir GLUE_DISK_CACHE_DIR]
                                    [--hf_datasets_cache_dir HF_DATASETS_CACHE_DIR]
                                    [--eval_only]
                                    [--load_adapter_state LOAD_ADAPTER_STATE]
                                    [--load_heads_state LOAD_HEADS_STATE]
run_glue_roberta_mtl_lora.py: error: unrecognized arguments: --fp32
