==========================================
SLURM_JOB_ID = 23153
SLURM_NODELIST = pascal-node02.l3s.intra
==========================================
==========================================
SLURM_JOB_ID = 23153
SLURM_NODELIST = pascal-node02.l3s.intra
==========================================
[INFO] Job started on pascal-node02 at Wed Jan 14 09:07:50 AM CET 2026
[INFO] REPO_ROOT=/home/christian.jesinghaus/FL/130126/MTL-LoRA
[INFO] REPO_ROOT=/home/christian.jesinghaus/FL/130126/MTL-LoRA
[INFO] CONTAINER=/home/christian.jesinghaus/FL/130126/MTL-LoRA/docker_1.sif
[INFO] OUT_DIR=/home/christian.jesinghaus/FL/130126/MTL-LoRA/outputs/roberta_glue_mlora_23153
[INFO] HF_HOME=/home/christian.jesinghaus/.cache/huggingface
[INFO] HF token present? yes
[INFO] Using Python inside container: python3
Python 3.8.10
[INFO] device=cuda use_amp=False
[INFO] HF_HOME=/home/christian.jesinghaus/.cache/huggingface
[INFO] glue_disk_cache_dir=/home/christian.jesinghaus/.cache/huggingface/glue_disk_cache
[INFO] hf_datasets_cache_dir=/home/christian.jesinghaus/.cache/huggingface/datasets
[INFO] hf_token_present=yes
[INFO] Replaced 48 Linear layers with mLoRALinear
[INFO] Trainable params: 1,217,680 / 125,272,720 (0.9720%)
[INFO] Trainable dtypes: ['torch.float32']
[INFO] GLUE/cola: loading from disk cache: /home/christian.jesinghaus/.cache/huggingface/glue_disk_cache/glue_cola
[INFO] GLUE/sst2: loading from disk cache: /home/christian.jesinghaus/.cache/huggingface/glue_disk_cache/glue_sst2
[INFO] GLUE/mrpc: loading from disk cache: /home/christian.jesinghaus/.cache/huggingface/glue_disk_cache/glue_mrpc
[INFO] GLUE/qqp: loading from disk cache: /home/christian.jesinghaus/.cache/huggingface/glue_disk_cache/glue_qqp
[INFO] GLUE/mnli: loading from disk cache: /home/christian.jesinghaus/.cache/huggingface/glue_disk_cache/glue_mnli
[INFO] GLUE/qnli: loading from disk cache: /home/christian.jesinghaus/.cache/huggingface/glue_disk_cache/glue_qnli
[INFO] GLUE/rte: loading from disk cache: /home/christian.jesinghaus/.cache/huggingface/glue_disk_cache/glue_rte
[INFO] GLUE/stsb: loading from disk cache: /home/christian.jesinghaus/.cache/huggingface/glue_disk_cache/glue_stsb
[train] epoch=1/1 update=100/59320 lr=5.62e-06 loss=1.1532 elapsed=0.7min
[train] epoch=1/1 update=200/59320 lr=1.12e-05 loss=0.7889 elapsed=1.4min
[train] epoch=1/1 update=300/59320 lr=1.69e-05 loss=0.6802 elapsed=2.1min
[train] epoch=1/1 update=400/59320 lr=2.25e-05 loss=1.0983 elapsed=2.8min
[train] epoch=1/1 update=500/59320 lr=2.81e-05 loss=1.0958 elapsed=3.5min
[train] epoch=1/1 update=600/59320 lr=3.37e-05 loss=1.1019 elapsed=4.1min
[train] epoch=1/1 update=700/59320 lr=3.93e-05 loss=1.1124 elapsed=4.8min
[train] epoch=1/1 update=800/59320 lr=4.50e-05 loss=0.3836 elapsed=5.4min
[train] epoch=1/1 update=900/59320 lr=5.06e-05 loss=0.5285 elapsed=6.1min
[train] epoch=1/1 update=1000/59320 lr=5.62e-05 loss=0.5975 elapsed=6.8min
[train] epoch=1/1 update=1100/59320 lr=6.18e-05 loss=0.6409 elapsed=7.5min
[train] epoch=1/1 update=1200/59320 lr=6.74e-05 loss=0.8341 elapsed=8.1min
[train] epoch=1/1 update=1300/59320 lr=7.31e-05 loss=0.7515 elapsed=8.8min
[train] epoch=1/1 update=1400/59320 lr=7.87e-05 loss=0.8872 elapsed=9.4min
[train] epoch=1/1 update=1500/59320 lr=8.43e-05 loss=0.1187 elapsed=10.1min
[train] epoch=1/1 update=1600/59320 lr=8.99e-05 loss=0.5615 elapsed=10.8min
[train] epoch=1/1 update=1700/59320 lr=9.55e-05 loss=0.7343 elapsed=11.4min
[train] epoch=1/1 update=1800/59320 lr=1.01e-04 loss=0.4339 elapsed=12.1min
[train] epoch=1/1 update=1900/59320 lr=1.07e-04 loss=0.7023 elapsed=12.8min
[train] epoch=1/1 update=2000/59320 lr=1.12e-04 loss=0.5574 elapsed=13.5min
[train] epoch=1/1 update=2100/59320 lr=1.18e-04 loss=0.3291 elapsed=14.1min
[train] epoch=1/1 update=2200/59320 lr=1.24e-04 loss=0.2387 elapsed=14.8min
[train] epoch=1/1 update=2300/59320 lr=1.29e-04 loss=0.4177 elapsed=15.5min
[train] epoch=1/1 update=2400/59320 lr=1.35e-04 loss=0.5261 elapsed=16.1min
[train] epoch=1/1 update=2500/59320 lr=1.40e-04 loss=0.5260 elapsed=16.8min
[train] epoch=1/1 update=2600/59320 lr=1.46e-04 loss=0.5024 elapsed=17.5min
[train] epoch=1/1 update=2700/59320 lr=1.52e-04 loss=1.0936 elapsed=18.1min
[train] epoch=1/1 update=2800/59320 lr=1.57e-04 loss=0.9469 elapsed=18.8min
[train] epoch=1/1 update=2900/59320 lr=1.63e-04 loss=0.1153 elapsed=19.5min
[train] epoch=1/1 update=3000/59320 lr=1.69e-04 loss=0.2584 elapsed=20.1min
[train] epoch=1/1 update=3100/59320 lr=1.74e-04 loss=0.3481 elapsed=20.8min
[train] epoch=1/1 update=3200/59320 lr=1.80e-04 loss=0.2869 elapsed=21.4min
[train] epoch=1/1 update=3300/59320 lr=1.85e-04 loss=0.5519 elapsed=22.1min
[train] epoch=1/1 update=3400/59320 lr=1.91e-04 loss=0.1963 elapsed=22.8min
[train] epoch=1/1 update=3500/59320 lr=1.97e-04 loss=0.0990 elapsed=23.4min
[train] epoch=1/1 update=3600/59320 lr=2.00e-04 loss=0.3958 elapsed=24.1min
[train] epoch=1/1 update=3700/59320 lr=1.99e-04 loss=0.0765 elapsed=24.7min
[train] epoch=1/1 update=3800/59320 lr=1.99e-04 loss=0.1365 elapsed=25.4min
[train] epoch=1/1 update=3900/59320 lr=1.99e-04 loss=0.0986 elapsed=26.1min
[train] epoch=1/1 update=4000/59320 lr=1.98e-04 loss=0.2781 elapsed=26.8min
[train] epoch=1/1 update=4100/59320 lr=1.98e-04 loss=0.1272 elapsed=27.5min
[train] epoch=1/1 update=4200/59320 lr=1.98e-04 loss=0.6900 elapsed=28.1min
[train] epoch=1/1 update=4300/59320 lr=1.97e-04 loss=0.4289 elapsed=28.8min
[train] epoch=1/1 update=4400/59320 lr=1.97e-04 loss=0.6705 elapsed=29.4min
[train] epoch=1/1 update=4500/59320 lr=1.97e-04 loss=0.3288 elapsed=30.1min
[train] epoch=1/1 update=4600/59320 lr=1.96e-04 loss=0.7094 elapsed=30.8min
[train] epoch=1/1 update=4700/59320 lr=1.96e-04 loss=0.3162 elapsed=31.4min
[train] epoch=1/1 update=4800/59320 lr=1.96e-04 loss=0.4346 elapsed=32.1min
[train] epoch=1/1 update=4900/59320 lr=1.95e-04 loss=0.7989 elapsed=32.8min
[train] epoch=1/1 update=5000/59320 lr=1.95e-04 loss=0.2614 elapsed=33.4min
[train] epoch=1/1 update=5100/59320 lr=1.94e-04 loss=0.2560 elapsed=34.1min
[train] epoch=1/1 update=5200/59320 lr=1.94e-04 loss=0.6123 elapsed=34.7min
[train] epoch=1/1 update=5300/59320 lr=1.94e-04 loss=0.4006 elapsed=35.4min
[train] epoch=1/1 update=5400/59320 lr=1.93e-04 loss=0.8679 elapsed=36.1min
[train] epoch=1/1 update=5500/59320 lr=1.93e-04 loss=0.2009 elapsed=36.7min
[train] epoch=1/1 update=5600/59320 lr=1.93e-04 loss=0.2726 elapsed=37.4min
[train] epoch=1/1 update=5700/59320 lr=1.92e-04 loss=0.2098 elapsed=38.1min
[train] epoch=1/1 update=5800/59320 lr=1.92e-04 loss=0.9811 elapsed=38.8min
[train] epoch=1/1 update=5900/59320 lr=1.92e-04 loss=0.2660 elapsed=39.4min
[train] epoch=1/1 update=6000/59320 lr=1.91e-04 loss=0.2337 elapsed=40.1min
[train] epoch=1/1 update=6100/59320 lr=1.91e-04 loss=0.8096 elapsed=40.8min
[train] epoch=1/1 update=6200/59320 lr=1.91e-04 loss=0.5554 elapsed=41.4min
[train] epoch=1/1 update=6300/59320 lr=1.90e-04 loss=0.3465 elapsed=42.1min
[train] epoch=1/1 update=6400/59320 lr=1.90e-04 loss=0.2421 elapsed=42.8min
[train] epoch=1/1 update=6500/59320 lr=1.89e-04 loss=0.1200 elapsed=43.5min
[train] epoch=1/1 update=6600/59320 lr=1.89e-04 loss=0.3713 elapsed=44.2min
[train] epoch=1/1 update=6700/59320 lr=1.89e-04 loss=1.6171 elapsed=44.8min
[train] epoch=1/1 update=6800/59320 lr=1.88e-04 loss=0.2641 elapsed=45.5min
[train] epoch=1/1 update=6900/59320 lr=1.88e-04 loss=0.2637 elapsed=46.1min
[train] epoch=1/1 update=7000/59320 lr=1.88e-04 loss=0.1611 elapsed=46.8min
[train] epoch=1/1 update=7100/59320 lr=1.87e-04 loss=0.0174 elapsed=47.4min
[train] epoch=1/1 update=7200/59320 lr=1.87e-04 loss=0.0213 elapsed=48.1min
[train] epoch=1/1 update=7300/59320 lr=1.87e-04 loss=0.0664 elapsed=48.8min
[train] epoch=1/1 update=7400/59320 lr=1.86e-04 loss=0.2986 elapsed=49.5min
[train] epoch=1/1 update=7500/59320 lr=1.86e-04 loss=0.3853 elapsed=50.2min
[train] epoch=1/1 update=7600/59320 lr=1.86e-04 loss=0.6982 elapsed=50.8min
[train] epoch=1/1 update=7700/59320 lr=1.85e-04 loss=0.1926 elapsed=51.5min
[train] epoch=1/1 update=7800/59320 lr=1.85e-04 loss=1.4226 elapsed=52.2min
[train] epoch=1/1 update=7900/59320 lr=1.84e-04 loss=0.1790 elapsed=52.8min
[train] epoch=1/1 update=8000/59320 lr=1.84e-04 loss=0.3908 elapsed=53.5min
[train] epoch=1/1 update=8100/59320 lr=1.84e-04 loss=0.6682 elapsed=54.1min
[train] epoch=1/1 update=8200/59320 lr=1.83e-04 loss=0.3375 elapsed=54.8min
[train] epoch=1/1 update=8300/59320 lr=1.83e-04 loss=0.0804 elapsed=55.5min
[train] epoch=1/1 update=8400/59320 lr=1.83e-04 loss=0.2818 elapsed=56.2min
[train] epoch=1/1 update=8500/59320 lr=1.82e-04 loss=0.5484 elapsed=56.8min
[train] epoch=1/1 update=8600/59320 lr=1.82e-04 loss=0.0286 elapsed=57.5min
[train] epoch=1/1 update=8700/59320 lr=1.82e-04 loss=0.2048 elapsed=58.2min
[train] epoch=1/1 update=8800/59320 lr=1.81e-04 loss=0.1041 elapsed=58.9min
[train] epoch=1/1 update=8900/59320 lr=1.81e-04 loss=0.0540 elapsed=59.5min
[train] epoch=1/1 update=9000/59320 lr=1.80e-04 loss=0.9391 elapsed=60.2min
[train] epoch=1/1 update=9100/59320 lr=1.80e-04 loss=0.2952 elapsed=60.8min
[train] epoch=1/1 update=9200/59320 lr=1.80e-04 loss=0.1334 elapsed=61.5min
[train] epoch=1/1 update=9300/59320 lr=1.79e-04 loss=1.6193 elapsed=62.2min
[train] epoch=1/1 update=9400/59320 lr=1.79e-04 loss=0.9955 elapsed=62.9min
[train] epoch=1/1 update=9500/59320 lr=1.79e-04 loss=0.2221 elapsed=63.5min
[train] epoch=1/1 update=9600/59320 lr=1.78e-04 loss=0.3662 elapsed=64.2min
[train] epoch=1/1 update=9700/59320 lr=1.78e-04 loss=0.2935 elapsed=64.9min
[train] epoch=1/1 update=9800/59320 lr=1.78e-04 loss=0.1097 elapsed=65.5min
[train] epoch=1/1 update=9900/59320 lr=1.77e-04 loss=0.5990 elapsed=66.2min
[train] epoch=1/1 update=10000/59320 lr=1.77e-04 loss=0.6400 elapsed=66.8min
[train] epoch=1/1 update=10100/59320 lr=1.77e-04 loss=0.1864 elapsed=67.5min
[train] epoch=1/1 update=10200/59320 lr=1.76e-04 loss=0.2692 elapsed=68.2min
[train] epoch=1/1 update=10300/59320 lr=1.76e-04 loss=0.2292 elapsed=68.8min
[train] epoch=1/1 update=10400/59320 lr=1.75e-04 loss=0.2827 elapsed=69.5min
[train] epoch=1/1 update=10500/59320 lr=1.75e-04 loss=0.1843 elapsed=70.1min
[train] epoch=1/1 update=10600/59320 lr=1.75e-04 loss=0.1368 elapsed=70.8min
[train] epoch=1/1 update=10700/59320 lr=1.74e-04 loss=0.0535 elapsed=71.5min
[train] epoch=1/1 update=10800/59320 lr=1.74e-04 loss=0.2885 elapsed=72.1min
[train] epoch=1/1 update=10900/59320 lr=1.74e-04 loss=0.1204 elapsed=72.8min
[train] epoch=1/1 update=11000/59320 lr=1.73e-04 loss=0.4927 elapsed=73.4min
[train] epoch=1/1 update=11100/59320 lr=1.73e-04 loss=0.1699 elapsed=74.1min
[train] epoch=1/1 update=11200/59320 lr=1.73e-04 loss=0.5225 elapsed=74.8min
[train] epoch=1/1 update=11300/59320 lr=1.72e-04 loss=0.2527 elapsed=75.4min
[train] epoch=1/1 update=11400/59320 lr=1.72e-04 loss=0.6158 elapsed=76.1min
[train] epoch=1/1 update=11500/59320 lr=1.72e-04 loss=0.8683 elapsed=76.8min
[train] epoch=1/1 update=11600/59320 lr=1.71e-04 loss=0.6565 elapsed=77.4min
[train] epoch=1/1 update=11700/59320 lr=1.71e-04 loss=0.2165 elapsed=78.1min
[train] epoch=1/1 update=11800/59320 lr=1.70e-04 loss=0.1119 elapsed=78.8min
[train] epoch=1/1 update=11900/59320 lr=1.70e-04 loss=0.1406 elapsed=79.5min
[train] epoch=1/1 update=12000/59320 lr=1.70e-04 loss=0.2216 elapsed=80.1min
[train] epoch=1/1 update=12100/59320 lr=1.69e-04 loss=0.3561 elapsed=80.8min
[train] epoch=1/1 update=12200/59320 lr=1.69e-04 loss=0.1900 elapsed=81.5min
[train] epoch=1/1 update=12300/59320 lr=1.69e-04 loss=0.0101 elapsed=82.2min
[train] epoch=1/1 update=12400/59320 lr=1.68e-04 loss=0.4205 elapsed=82.8min
[train] epoch=1/1 update=12500/59320 lr=1.68e-04 loss=0.5440 elapsed=83.5min
[train] epoch=1/1 update=12600/59320 lr=1.68e-04 loss=0.2568 elapsed=84.2min
[train] epoch=1/1 update=12700/59320 lr=1.67e-04 loss=0.0557 elapsed=84.8min
[train] epoch=1/1 update=12800/59320 lr=1.67e-04 loss=0.5964 elapsed=85.5min
[train] epoch=1/1 update=12900/59320 lr=1.66e-04 loss=0.1427 elapsed=86.2min
[train] epoch=1/1 update=13000/59320 lr=1.66e-04 loss=0.6258 elapsed=86.8min
[train] epoch=1/1 update=13100/59320 lr=1.66e-04 loss=0.2084 elapsed=87.5min
[train] epoch=1/1 update=13200/59320 lr=1.65e-04 loss=0.3632 elapsed=88.2min
[train] epoch=1/1 update=13300/59320 lr=1.65e-04 loss=0.4709 elapsed=88.8min
[train] epoch=1/1 update=13400/59320 lr=1.65e-04 loss=0.4163 elapsed=89.5min
[train] epoch=1/1 update=13500/59320 lr=1.64e-04 loss=1.3178 elapsed=90.2min
[train] epoch=1/1 update=13600/59320 lr=1.64e-04 loss=0.2396 elapsed=90.8min
[train] epoch=1/1 update=13700/59320 lr=1.64e-04 loss=1.4512 elapsed=91.5min
[train] epoch=1/1 update=13800/59320 lr=1.63e-04 loss=0.3856 elapsed=92.2min
[train] epoch=1/1 update=13900/59320 lr=1.63e-04 loss=0.9584 elapsed=92.8min
[train] epoch=1/1 update=14000/59320 lr=1.63e-04 loss=0.2437 elapsed=93.5min
[train] epoch=1/1 update=14100/59320 lr=1.62e-04 loss=0.0966 elapsed=94.2min
[train] epoch=1/1 update=14200/59320 lr=1.62e-04 loss=0.2064 elapsed=94.9min
[train] epoch=1/1 update=14300/59320 lr=1.61e-04 loss=0.0065 elapsed=95.6min
[train] epoch=1/1 update=14400/59320 lr=1.61e-04 loss=0.1065 elapsed=96.2min
[train] epoch=1/1 update=14500/59320 lr=1.61e-04 loss=0.1303 elapsed=96.9min
[train] epoch=1/1 update=14600/59320 lr=1.60e-04 loss=0.0633 elapsed=97.6min
[train] epoch=1/1 update=14700/59320 lr=1.60e-04 loss=0.5042 elapsed=98.2min
[train] epoch=1/1 update=14800/59320 lr=1.60e-04 loss=0.1886 elapsed=98.9min
[train] epoch=1/1 update=14900/59320 lr=1.59e-04 loss=0.5498 elapsed=99.6min
[train] epoch=1/1 update=15000/59320 lr=1.59e-04 loss=0.1975 elapsed=100.3min
[train] epoch=1/1 update=15100/59320 lr=1.59e-04 loss=0.3735 elapsed=100.9min
[train] epoch=1/1 update=15200/59320 lr=1.58e-04 loss=0.4709 elapsed=101.6min
[train] epoch=1/1 update=15300/59320 lr=1.58e-04 loss=0.1774 elapsed=102.2min
[train] epoch=1/1 update=15400/59320 lr=1.58e-04 loss=0.5836 elapsed=102.9min
[train] epoch=1/1 update=15500/59320 lr=1.57e-04 loss=0.5021 elapsed=103.6min
[train] epoch=1/1 update=15600/59320 lr=1.57e-04 loss=0.1217 elapsed=104.3min
[train] epoch=1/1 update=15700/59320 lr=1.56e-04 loss=0.4192 elapsed=104.9min
[train] epoch=1/1 update=15800/59320 lr=1.56e-04 loss=0.3733 elapsed=105.6min
[train] epoch=1/1 update=15900/59320 lr=1.56e-04 loss=0.3736 elapsed=106.2min
[train] epoch=1/1 update=16000/59320 lr=1.55e-04 loss=0.9737 elapsed=106.9min
[train] epoch=1/1 update=16100/59320 lr=1.55e-04 loss=1.0594 elapsed=107.6min
[train] epoch=1/1 update=16200/59320 lr=1.55e-04 loss=0.1020 elapsed=108.3min
[train] epoch=1/1 update=16300/59320 lr=1.54e-04 loss=0.0538 elapsed=108.9min
[train] epoch=1/1 update=16400/59320 lr=1.54e-04 loss=0.0899 elapsed=109.6min
[train] epoch=1/1 update=16500/59320 lr=1.54e-04 loss=0.1277 elapsed=110.3min
[train] epoch=1/1 update=16600/59320 lr=1.53e-04 loss=0.4995 elapsed=110.9min
[train] epoch=1/1 update=16700/59320 lr=1.53e-04 loss=0.0661 elapsed=111.6min
[train] epoch=1/1 update=16800/59320 lr=1.53e-04 loss=0.2629 elapsed=112.3min
[train] epoch=1/1 update=16900/59320 lr=1.52e-04 loss=0.8833 elapsed=113.0min
[train] epoch=1/1 update=17000/59320 lr=1.52e-04 loss=0.4465 elapsed=113.6min
[train] epoch=1/1 update=17100/59320 lr=1.51e-04 loss=0.2245 elapsed=114.3min
[train] epoch=1/1 update=17200/59320 lr=1.51e-04 loss=0.7583 elapsed=115.0min
[train] epoch=1/1 update=17300/59320 lr=1.51e-04 loss=0.3989 elapsed=115.7min
[train] epoch=1/1 update=17400/59320 lr=1.50e-04 loss=0.5028 elapsed=116.4min
[train] epoch=1/1 update=17500/59320 lr=1.50e-04 loss=0.7392 elapsed=117.0min
[train] epoch=1/1 update=17600/59320 lr=1.50e-04 loss=0.0341 elapsed=117.7min
[train] epoch=1/1 update=17700/59320 lr=1.49e-04 loss=0.6313 elapsed=118.4min
[train] epoch=1/1 update=17800/59320 lr=1.49e-04 loss=0.0458 elapsed=119.1min
[train] epoch=1/1 update=17900/59320 lr=1.49e-04 loss=0.2321 elapsed=119.8min
[train] epoch=1/1 update=18000/59320 lr=1.48e-04 loss=0.9266 elapsed=120.5min
[train] epoch=1/1 update=18100/59320 lr=1.48e-04 loss=0.0798 elapsed=121.2min
[train] epoch=1/1 update=18200/59320 lr=1.47e-04 loss=1.1807 elapsed=121.9min
[train] epoch=1/1 update=18300/59320 lr=1.47e-04 loss=0.3283 elapsed=122.6min
[train] epoch=1/1 update=18400/59320 lr=1.47e-04 loss=0.1560 elapsed=123.2min
[train] epoch=1/1 update=18500/59320 lr=1.46e-04 loss=0.2681 elapsed=123.9min
[train] epoch=1/1 update=18600/59320 lr=1.46e-04 loss=0.0356 elapsed=124.6min
[train] epoch=1/1 update=18700/59320 lr=1.46e-04 loss=0.1923 elapsed=125.3min
[train] epoch=1/1 update=18800/59320 lr=1.45e-04 loss=0.2996 elapsed=126.0min
[train] epoch=1/1 update=18900/59320 lr=1.45e-04 loss=0.6259 elapsed=126.7min
[train] epoch=1/1 update=19000/59320 lr=1.45e-04 loss=0.1686 elapsed=127.3min
[train] epoch=1/1 update=19100/59320 lr=1.44e-04 loss=0.5648 elapsed=128.0min
[train] epoch=1/1 update=19200/59320 lr=1.44e-04 loss=1.5171 elapsed=128.7min
[train] epoch=1/1 update=19300/59320 lr=1.44e-04 loss=0.1103 elapsed=129.3min
[train] epoch=1/1 update=19400/59320 lr=1.43e-04 loss=0.1365 elapsed=130.0min
[train] epoch=1/1 update=19500/59320 lr=1.43e-04 loss=0.1948 elapsed=130.7min
[train] epoch=1/1 update=19600/59320 lr=1.42e-04 loss=0.1274 elapsed=131.3min
[train] epoch=1/1 update=19700/59320 lr=1.42e-04 loss=0.0594 elapsed=132.0min
[train] epoch=1/1 update=19800/59320 lr=1.42e-04 loss=0.2962 elapsed=132.7min
[train] epoch=1/1 update=19900/59320 lr=1.41e-04 loss=0.6116 elapsed=133.4min
[train] epoch=1/1 update=20000/59320 lr=1.41e-04 loss=0.2282 elapsed=134.0min
[train] epoch=1/1 update=20100/59320 lr=1.41e-04 loss=0.2693 elapsed=134.7min
[train] epoch=1/1 update=20200/59320 lr=1.40e-04 loss=0.1135 elapsed=135.3min
[train] epoch=1/1 update=20300/59320 lr=1.40e-04 loss=0.1209 elapsed=136.0min
[train] epoch=1/1 update=20400/59320 lr=1.40e-04 loss=0.5729 elapsed=136.7min
[train] epoch=1/1 update=20500/59320 lr=1.39e-04 loss=0.3336 elapsed=137.4min
[train] epoch=1/1 update=20600/59320 lr=1.39e-04 loss=2.0985 elapsed=138.1min
[train] epoch=1/1 update=20700/59320 lr=1.39e-04 loss=0.0575 elapsed=138.7min
[train] epoch=1/1 update=20800/59320 lr=1.38e-04 loss=1.8801 elapsed=139.4min
[train] epoch=1/1 update=20900/59320 lr=1.38e-04 loss=0.3208 elapsed=140.0min
[train] epoch=1/1 update=21000/59320 lr=1.37e-04 loss=0.4889 elapsed=140.7min
[train] epoch=1/1 update=21100/59320 lr=1.37e-04 loss=1.0415 elapsed=141.4min
[train] epoch=1/1 update=21200/59320 lr=1.37e-04 loss=0.6766 elapsed=142.1min
[train] epoch=1/1 update=21300/59320 lr=1.36e-04 loss=0.8336 elapsed=142.8min
[train] epoch=1/1 update=21400/59320 lr=1.36e-04 loss=0.4379 elapsed=143.4min
[train] epoch=1/1 update=21500/59320 lr=1.36e-04 loss=0.0549 elapsed=144.1min
[train] epoch=1/1 update=21600/59320 lr=1.35e-04 loss=0.4945 elapsed=144.8min
[train] epoch=1/1 update=21700/59320 lr=1.35e-04 loss=0.0213 elapsed=145.5min
[train] epoch=1/1 update=21800/59320 lr=1.35e-04 loss=0.5730 elapsed=146.2min
[train] epoch=1/1 update=21900/59320 lr=1.34e-04 loss=0.0468 elapsed=146.9min
[train] epoch=1/1 update=22000/59320 lr=1.34e-04 loss=0.4452 elapsed=147.5min
[train] epoch=1/1 update=22100/59320 lr=1.33e-04 loss=0.1078 elapsed=148.2min
[train] epoch=1/1 update=22200/59320 lr=1.33e-04 loss=0.0925 elapsed=148.9min
[train] epoch=1/1 update=22300/59320 lr=1.33e-04 loss=0.1732 elapsed=149.6min
[train] epoch=1/1 update=22400/59320 lr=1.32e-04 loss=0.8529 elapsed=150.3min
[train] epoch=1/1 update=22500/59320 lr=1.32e-04 loss=0.5068 elapsed=150.9min
[train] epoch=1/1 update=22600/59320 lr=1.32e-04 loss=0.3234 elapsed=151.6min
[train] epoch=1/1 update=22700/59320 lr=1.31e-04 loss=0.3445 elapsed=152.3min
[train] epoch=1/1 update=22800/59320 lr=1.31e-04 loss=0.2510 elapsed=153.0min
[train] epoch=1/1 update=22900/59320 lr=1.31e-04 loss=0.1077 elapsed=153.7min
[train] epoch=1/1 update=23000/59320 lr=1.30e-04 loss=0.9663 elapsed=154.3min
[train] epoch=1/1 update=23100/59320 lr=1.30e-04 loss=0.1941 elapsed=155.0min
[train] epoch=1/1 update=23200/59320 lr=1.30e-04 loss=0.0507 elapsed=155.7min
[train] epoch=1/1 update=23300/59320 lr=1.29e-04 loss=0.0360 elapsed=156.3min
[train] epoch=1/1 update=23400/59320 lr=1.29e-04 loss=0.6139 elapsed=157.0min
[train] epoch=1/1 update=23500/59320 lr=1.28e-04 loss=0.1650 elapsed=157.7min
[train] epoch=1/1 update=23600/59320 lr=1.28e-04 loss=0.6100 elapsed=158.4min
[train] epoch=1/1 update=23700/59320 lr=1.28e-04 loss=0.0651 elapsed=159.1min
[train] epoch=1/1 update=23800/59320 lr=1.27e-04 loss=0.1745 elapsed=159.8min
[train] epoch=1/1 update=23900/59320 lr=1.27e-04 loss=0.1200 elapsed=160.5min
[train] epoch=1/1 update=24000/59320 lr=1.27e-04 loss=0.3011 elapsed=161.2min
[train] epoch=1/1 update=24100/59320 lr=1.26e-04 loss=1.2924 elapsed=161.9min
[train] epoch=1/1 update=24200/59320 lr=1.26e-04 loss=0.3359 elapsed=162.6min
[train] epoch=1/1 update=24300/59320 lr=1.26e-04 loss=0.3405 elapsed=163.2min
[train] epoch=1/1 update=24400/59320 lr=1.25e-04 loss=0.7882 elapsed=163.9min
[train] epoch=1/1 update=24500/59320 lr=1.25e-04 loss=0.2133 elapsed=164.6min
[train] epoch=1/1 update=24600/59320 lr=1.25e-04 loss=0.1388 elapsed=165.2min
[train] epoch=1/1 update=24700/59320 lr=1.24e-04 loss=0.1673 elapsed=165.9min
[train] epoch=1/1 update=24800/59320 lr=1.24e-04 loss=0.4370 elapsed=166.5min
[train] epoch=1/1 update=24900/59320 lr=1.23e-04 loss=0.2313 elapsed=167.2min
[train] epoch=1/1 update=25000/59320 lr=1.23e-04 loss=0.0578 elapsed=167.9min
[train] epoch=1/1 update=25100/59320 lr=1.23e-04 loss=1.3234 elapsed=168.6min
[train] epoch=1/1 update=25200/59320 lr=1.22e-04 loss=0.0498 elapsed=169.3min
[train] epoch=1/1 update=25300/59320 lr=1.22e-04 loss=0.1344 elapsed=169.9min
[train] epoch=1/1 update=25400/59320 lr=1.22e-04 loss=0.3820 elapsed=170.6min
[train] epoch=1/1 update=25500/59320 lr=1.21e-04 loss=0.1214 elapsed=171.3min
[train] epoch=1/1 update=25600/59320 lr=1.21e-04 loss=0.1246 elapsed=172.0min
[train] epoch=1/1 update=25700/59320 lr=1.21e-04 loss=0.6018 elapsed=172.6min
[train] epoch=1/1 update=25800/59320 lr=1.20e-04 loss=0.0551 elapsed=173.3min
[train] epoch=1/1 update=25900/59320 lr=1.20e-04 loss=0.3329 elapsed=174.0min
[train] epoch=1/1 update=26000/59320 lr=1.20e-04 loss=0.6492 elapsed=174.7min
[train] epoch=1/1 update=26100/59320 lr=1.19e-04 loss=0.1016 elapsed=175.4min
[train] epoch=1/1 update=26200/59320 lr=1.19e-04 loss=0.5883 elapsed=176.1min
[train] epoch=1/1 update=26300/59320 lr=1.18e-04 loss=0.3275 elapsed=176.8min
[train] epoch=1/1 update=26400/59320 lr=1.18e-04 loss=0.0266 elapsed=177.4min
[train] epoch=1/1 update=26500/59320 lr=1.18e-04 loss=0.1637 elapsed=178.1min
[train] epoch=1/1 update=26600/59320 lr=1.17e-04 loss=0.2218 elapsed=178.8min
[train] epoch=1/1 update=26700/59320 lr=1.17e-04 loss=0.6287 elapsed=179.4min
[train] epoch=1/1 update=26800/59320 lr=1.17e-04 loss=0.0070 elapsed=180.1min
[train] epoch=1/1 update=26900/59320 lr=1.16e-04 loss=0.5873 elapsed=180.8min
[train] epoch=1/1 update=27000/59320 lr=1.16e-04 loss=0.0817 elapsed=181.5min
[train] epoch=1/1 update=27100/59320 lr=1.16e-04 loss=0.0473 elapsed=182.2min
[train] epoch=1/1 update=27200/59320 lr=1.15e-04 loss=0.5327 elapsed=182.8min
[train] epoch=1/1 update=27300/59320 lr=1.15e-04 loss=0.0743 elapsed=183.5min
[train] epoch=1/1 update=27400/59320 lr=1.14e-04 loss=0.3302 elapsed=184.2min
[train] epoch=1/1 update=27500/59320 lr=1.14e-04 loss=0.0247 elapsed=184.9min
[train] epoch=1/1 update=27600/59320 lr=1.14e-04 loss=0.2223 elapsed=185.6min
[train] epoch=1/1 update=27700/59320 lr=1.13e-04 loss=0.4974 elapsed=186.2min
[train] epoch=1/1 update=27800/59320 lr=1.13e-04 loss=0.2746 elapsed=186.9min
[train] epoch=1/1 update=27900/59320 lr=1.13e-04 loss=0.1702 elapsed=187.6min
[train] epoch=1/1 update=28000/59320 lr=1.12e-04 loss=0.2558 elapsed=188.3min
[train] epoch=1/1 update=28100/59320 lr=1.12e-04 loss=0.5787 elapsed=189.0min
[train] epoch=1/1 update=28200/59320 lr=1.12e-04 loss=0.1732 elapsed=189.7min
[train] epoch=1/1 update=28300/59320 lr=1.11e-04 loss=0.7648 elapsed=190.3min
[train] epoch=1/1 update=28400/59320 lr=1.11e-04 loss=0.2297 elapsed=191.0min
[train] epoch=1/1 update=28500/59320 lr=1.11e-04 loss=0.1227 elapsed=191.7min
[train] epoch=1/1 update=28600/59320 lr=1.10e-04 loss=0.1458 elapsed=192.4min
[train] epoch=1/1 update=28700/59320 lr=1.10e-04 loss=0.2451 elapsed=193.0min
[train] epoch=1/1 update=28800/59320 lr=1.09e-04 loss=0.2089 elapsed=193.7min
[train] epoch=1/1 update=28900/59320 lr=1.09e-04 loss=0.1331 elapsed=194.3min
[train] epoch=1/1 update=29000/59320 lr=1.09e-04 loss=0.3569 elapsed=195.0min
[train] epoch=1/1 update=29100/59320 lr=1.08e-04 loss=0.6200 elapsed=195.6min
[train] epoch=1/1 update=29200/59320 lr=1.08e-04 loss=0.1190 elapsed=196.3min
[train] epoch=1/1 update=29300/59320 lr=1.08e-04 loss=0.2116 elapsed=197.0min
[train] epoch=1/1 update=29400/59320 lr=1.07e-04 loss=0.2263 elapsed=197.7min
[train] epoch=1/1 update=29500/59320 lr=1.07e-04 loss=0.0595 elapsed=198.4min
[train] epoch=1/1 update=29600/59320 lr=1.07e-04 loss=0.6662 elapsed=199.1min
[train] epoch=1/1 update=29700/59320 lr=1.06e-04 loss=0.2889 elapsed=199.8min
[train] epoch=1/1 update=29800/59320 lr=1.06e-04 loss=0.0885 elapsed=200.4min
[train] epoch=1/1 update=29900/59320 lr=1.06e-04 loss=0.4234 elapsed=201.1min
[train] epoch=1/1 update=30000/59320 lr=1.05e-04 loss=0.1397 elapsed=201.8min
[train] epoch=1/1 update=30100/59320 lr=1.05e-04 loss=0.0701 elapsed=202.5min
[train] epoch=1/1 update=30200/59320 lr=1.04e-04 loss=0.2266 elapsed=203.1min
[train] epoch=1/1 update=30300/59320 lr=1.04e-04 loss=1.0191 elapsed=203.8min
[train] epoch=1/1 update=30400/59320 lr=1.04e-04 loss=0.1879 elapsed=204.4min
[train] epoch=1/1 update=30500/59320 lr=1.03e-04 loss=0.3988 elapsed=205.1min
[train] epoch=1/1 update=30600/59320 lr=1.03e-04 loss=0.1135 elapsed=205.7min
[train] epoch=1/1 update=30700/59320 lr=1.03e-04 loss=0.0834 elapsed=206.4min
[train] epoch=1/1 update=30800/59320 lr=1.02e-04 loss=0.0428 elapsed=207.1min
[train] epoch=1/1 update=30900/59320 lr=1.02e-04 loss=0.2337 elapsed=207.8min
[train] epoch=1/1 update=31000/59320 lr=1.02e-04 loss=0.2377 elapsed=208.5min
[train] epoch=1/1 update=31100/59320 lr=1.01e-04 loss=0.7184 elapsed=209.2min
[train] epoch=1/1 update=31200/59320 lr=1.01e-04 loss=0.0244 elapsed=209.9min
[train] epoch=1/1 update=31300/59320 lr=1.01e-04 loss=0.4201 elapsed=210.5min
[train] epoch=1/1 update=31400/59320 lr=1.00e-04 loss=0.2161 elapsed=211.2min
[train] epoch=1/1 update=31500/59320 lr=9.98e-05 loss=0.3083 elapsed=211.9min
[train] epoch=1/1 update=31600/59320 lr=9.94e-05 loss=0.0811 elapsed=212.6min
[train] epoch=1/1 update=31700/59320 lr=9.91e-05 loss=0.0885 elapsed=213.3min
[train] epoch=1/1 update=31800/59320 lr=9.87e-05 loss=1.0869 elapsed=214.0min
[train] epoch=1/1 update=31900/59320 lr=9.83e-05 loss=0.0606 elapsed=214.7min
[train] epoch=1/1 update=32000/59320 lr=9.80e-05 loss=0.1872 elapsed=215.4min
[train] epoch=1/1 update=32100/59320 lr=9.76e-05 loss=0.6020 elapsed=216.1min
[train] epoch=1/1 update=32200/59320 lr=9.73e-05 loss=0.4432 elapsed=216.8min
[train] epoch=1/1 update=32300/59320 lr=9.69e-05 loss=1.6449 elapsed=217.4min
[train] epoch=1/1 update=32400/59320 lr=9.66e-05 loss=0.4266 elapsed=218.1min
[train] epoch=1/1 update=32500/59320 lr=9.62e-05 loss=0.9924 elapsed=218.8min
[train] epoch=1/1 update=32600/59320 lr=9.58e-05 loss=0.0542 elapsed=219.4min
[train] epoch=1/1 update=32700/59320 lr=9.55e-05 loss=1.2185 elapsed=220.1min
[train] epoch=1/1 update=32800/59320 lr=9.51e-05 loss=0.5610 elapsed=220.8min
[train] epoch=1/1 update=32900/59320 lr=9.48e-05 loss=0.0204 elapsed=221.5min
[train] epoch=1/1 update=33000/59320 lr=9.44e-05 loss=0.4347 elapsed=222.2min
[train] epoch=1/1 update=33100/59320 lr=9.40e-05 loss=0.2255 elapsed=222.9min
[train] epoch=1/1 update=33200/59320 lr=9.37e-05 loss=0.9757 elapsed=223.6min
[train] epoch=1/1 update=33300/59320 lr=9.33e-05 loss=1.0472 elapsed=224.3min
[train] epoch=1/1 update=33400/59320 lr=9.30e-05 loss=0.3897 elapsed=224.9min
[train] epoch=1/1 update=33500/59320 lr=9.26e-05 loss=0.1100 elapsed=225.6min
[train] epoch=1/1 update=33600/59320 lr=9.23e-05 loss=0.2030 elapsed=226.3min
[train] epoch=1/1 update=33700/59320 lr=9.19e-05 loss=0.0699 elapsed=227.0min
[train] epoch=1/1 update=33800/59320 lr=9.15e-05 loss=0.1783 elapsed=227.7min
[train] epoch=1/1 update=33900/59320 lr=9.12e-05 loss=0.1985 elapsed=228.4min
[train] epoch=1/1 update=34000/59320 lr=9.08e-05 loss=0.4715 elapsed=229.1min
[train] epoch=1/1 update=34100/59320 lr=9.05e-05 loss=0.1308 elapsed=229.8min
[train] epoch=1/1 update=34200/59320 lr=9.01e-05 loss=0.0774 elapsed=230.4min
[train] epoch=1/1 update=34300/59320 lr=8.97e-05 loss=0.2979 elapsed=231.1min
[train] epoch=1/1 update=34400/59320 lr=8.94e-05 loss=0.2467 elapsed=231.8min
[train] epoch=1/1 update=34500/59320 lr=8.90e-05 loss=0.2993 elapsed=232.5min
[train] epoch=1/1 update=34600/59320 lr=8.87e-05 loss=0.0358 elapsed=233.2min
[train] epoch=1/1 update=34700/59320 lr=8.83e-05 loss=0.1213 elapsed=233.9min
[train] epoch=1/1 update=34800/59320 lr=8.79e-05 loss=0.2414 elapsed=234.6min
[train] epoch=1/1 update=34900/59320 lr=8.76e-05 loss=0.9691 elapsed=235.2min
[train] epoch=1/1 update=35000/59320 lr=8.72e-05 loss=0.2116 elapsed=235.9min
[train] epoch=1/1 update=35100/59320 lr=8.69e-05 loss=0.0920 elapsed=236.6min
[train] epoch=1/1 update=35200/59320 lr=8.65e-05 loss=0.4952 elapsed=237.3min
[train] epoch=1/1 update=35300/59320 lr=8.62e-05 loss=0.0549 elapsed=238.0min
[train] epoch=1/1 update=35400/59320 lr=8.58e-05 loss=0.2096 elapsed=238.6min
[train] epoch=1/1 update=35500/59320 lr=8.54e-05 loss=0.5255 elapsed=239.3min
[train] epoch=1/1 update=35600/59320 lr=8.51e-05 loss=0.3597 elapsed=239.9min
[train] epoch=1/1 update=35700/59320 lr=8.47e-05 loss=1.5241 elapsed=240.6min
[train] epoch=1/1 update=35800/59320 lr=8.44e-05 loss=0.2070 elapsed=241.3min
[train] epoch=1/1 update=35900/59320 lr=8.40e-05 loss=0.1386 elapsed=241.9min
[train] epoch=1/1 update=36000/59320 lr=8.36e-05 loss=0.3991 elapsed=242.6min
[train] epoch=1/1 update=36100/59320 lr=8.33e-05 loss=0.7380 elapsed=243.3min
[train] epoch=1/1 update=36200/59320 lr=8.29e-05 loss=0.0368 elapsed=244.0min
[train] epoch=1/1 update=36300/59320 lr=8.26e-05 loss=0.4662 elapsed=244.7min
[train] epoch=1/1 update=36400/59320 lr=8.22e-05 loss=0.6082 elapsed=245.4min
[train] epoch=1/1 update=36500/59320 lr=8.18e-05 loss=0.2410 elapsed=246.0min
[train] epoch=1/1 update=36600/59320 lr=8.15e-05 loss=0.4631 elapsed=246.7min
[train] epoch=1/1 update=36700/59320 lr=8.11e-05 loss=0.2877 elapsed=247.4min
[train] epoch=1/1 update=36800/59320 lr=8.08e-05 loss=0.3686 elapsed=248.0min
[train] epoch=1/1 update=36900/59320 lr=8.04e-05 loss=0.4676 elapsed=248.7min
[train] epoch=1/1 update=37000/59320 lr=8.01e-05 loss=0.2366 elapsed=249.4min
[train] epoch=1/1 update=37100/59320 lr=7.97e-05 loss=0.1968 elapsed=250.1min
[train] epoch=1/1 update=37200/59320 lr=7.93e-05 loss=0.6291 elapsed=250.7min
[train] epoch=1/1 update=37300/59320 lr=7.90e-05 loss=0.0571 elapsed=251.4min
[train] epoch=1/1 update=37400/59320 lr=7.86e-05 loss=0.3279 elapsed=252.1min
[train] epoch=1/1 update=37500/59320 lr=7.83e-05 loss=0.3865 elapsed=252.8min
[train] epoch=1/1 update=37600/59320 lr=7.79e-05 loss=0.4336 elapsed=253.4min
[train] epoch=1/1 update=37700/59320 lr=7.75e-05 loss=0.0798 elapsed=254.1min
[train] epoch=1/1 update=37800/59320 lr=7.72e-05 loss=0.7604 elapsed=254.7min
[train] epoch=1/1 update=37900/59320 lr=7.68e-05 loss=0.6984 elapsed=255.4min
[train] epoch=1/1 update=38000/59320 lr=7.65e-05 loss=0.1759 elapsed=256.1min
[train] epoch=1/1 update=38100/59320 lr=7.61e-05 loss=0.4870 elapsed=256.8min
[train] epoch=1/1 update=38200/59320 lr=7.58e-05 loss=0.7823 elapsed=257.5min
[train] epoch=1/1 update=38300/59320 lr=7.54e-05 loss=0.2950 elapsed=258.1min
[train] epoch=1/1 update=38400/59320 lr=7.50e-05 loss=0.4077 elapsed=258.8min
[train] epoch=1/1 update=38500/59320 lr=7.47e-05 loss=1.3271 elapsed=259.5min
[train] epoch=1/1 update=38600/59320 lr=7.43e-05 loss=0.3003 elapsed=260.2min
[train] epoch=1/1 update=38700/59320 lr=7.40e-05 loss=0.0914 elapsed=260.8min
[train] epoch=1/1 update=38800/59320 lr=7.36e-05 loss=0.2326 elapsed=261.5min
[train] epoch=1/1 update=38900/59320 lr=7.32e-05 loss=0.0902 elapsed=262.2min
[train] epoch=1/1 update=39000/59320 lr=7.29e-05 loss=0.3173 elapsed=262.9min
[train] epoch=1/1 update=39100/59320 lr=7.25e-05 loss=0.3400 elapsed=263.6min
[train] epoch=1/1 update=39200/59320 lr=7.22e-05 loss=0.6056 elapsed=264.3min
[train] epoch=1/1 update=39300/59320 lr=7.18e-05 loss=0.4215 elapsed=265.0min
[train] epoch=1/1 update=39400/59320 lr=7.14e-05 loss=0.8065 elapsed=265.7min
[train] epoch=1/1 update=39500/59320 lr=7.11e-05 loss=0.2627 elapsed=266.3min
[train] epoch=1/1 update=39600/59320 lr=7.07e-05 loss=0.3580 elapsed=267.0min
[train] epoch=1/1 update=39700/59320 lr=7.04e-05 loss=0.3595 elapsed=267.7min
[train] epoch=1/1 update=39800/59320 lr=7.00e-05 loss=0.7467 elapsed=268.4min
[train] epoch=1/1 update=39900/59320 lr=6.97e-05 loss=0.0281 elapsed=269.1min
[train] epoch=1/1 update=40000/59320 lr=6.93e-05 loss=0.0011 elapsed=269.7min
[train] epoch=1/1 update=40100/59320 lr=6.89e-05 loss=0.3019 elapsed=270.4min
[train] epoch=1/1 update=40200/59320 lr=6.86e-05 loss=1.8581 elapsed=271.1min
[train] epoch=1/1 update=40300/59320 lr=6.82e-05 loss=0.1491 elapsed=271.7min
[train] epoch=1/1 update=40400/59320 lr=6.79e-05 loss=0.2406 elapsed=272.4min
[train] epoch=1/1 update=40500/59320 lr=6.75e-05 loss=0.1144 elapsed=273.1min
[train] epoch=1/1 update=40600/59320 lr=6.71e-05 loss=0.4038 elapsed=273.8min
[train] epoch=1/1 update=40700/59320 lr=6.68e-05 loss=0.6249 elapsed=274.5min
[train] epoch=1/1 update=40800/59320 lr=6.64e-05 loss=0.5335 elapsed=275.2min
[train] epoch=1/1 update=40900/59320 lr=6.61e-05 loss=0.5804 elapsed=275.8min
[train] epoch=1/1 update=41000/59320 lr=6.57e-05 loss=0.2365 elapsed=276.5min
[train] epoch=1/1 update=41100/59320 lr=6.54e-05 loss=0.1042 elapsed=277.2min
[train] epoch=1/1 update=41200/59320 lr=6.50e-05 loss=0.3072 elapsed=277.9min
[train] epoch=1/1 update=41300/59320 lr=6.46e-05 loss=0.0248 elapsed=278.6min
[train] epoch=1/1 update=41400/59320 lr=6.43e-05 loss=0.0152 elapsed=279.3min
[train] epoch=1/1 update=41500/59320 lr=6.39e-05 loss=0.9425 elapsed=280.0min
[train] epoch=1/1 update=41600/59320 lr=6.36e-05 loss=0.0492 elapsed=280.7min
[train] epoch=1/1 update=41700/59320 lr=6.32e-05 loss=0.3956 elapsed=281.3min
[train] epoch=1/1 update=41800/59320 lr=6.28e-05 loss=0.1487 elapsed=282.0min
[train] epoch=1/1 update=41900/59320 lr=6.25e-05 loss=0.0489 elapsed=282.7min
[train] epoch=1/1 update=42000/59320 lr=6.21e-05 loss=0.1864 elapsed=283.4min
[train] epoch=1/1 update=42100/59320 lr=6.18e-05 loss=0.2070 elapsed=284.0min
[train] epoch=1/1 update=42200/59320 lr=6.14e-05 loss=0.7341 elapsed=284.7min
[train] epoch=1/1 update=42300/59320 lr=6.10e-05 loss=0.0391 elapsed=285.4min
[train] epoch=1/1 update=42400/59320 lr=6.07e-05 loss=0.0625 elapsed=286.1min
[train] epoch=1/1 update=42500/59320 lr=6.03e-05 loss=0.2400 elapsed=286.7min
[train] epoch=1/1 update=42600/59320 lr=6.00e-05 loss=0.3889 elapsed=287.4min
[train] epoch=1/1 update=42700/59320 lr=5.96e-05 loss=0.1171 elapsed=288.1min
[train] epoch=1/1 update=42800/59320 lr=5.93e-05 loss=0.0694 elapsed=288.8min
[train] epoch=1/1 update=42900/59320 lr=5.89e-05 loss=0.0585 elapsed=289.4min
[train] epoch=1/1 update=43000/59320 lr=5.85e-05 loss=0.2566 elapsed=290.1min
[train] epoch=1/1 update=43100/59320 lr=5.82e-05 loss=0.6610 elapsed=290.8min
[train] epoch=1/1 update=43200/59320 lr=5.78e-05 loss=0.8693 elapsed=291.5min
[train] epoch=1/1 update=43300/59320 lr=5.75e-05 loss=0.1167 elapsed=292.2min
[train] epoch=1/1 update=43400/59320 lr=5.71e-05 loss=0.1429 elapsed=292.8min
[train] epoch=1/1 update=43500/59320 lr=5.67e-05 loss=0.6396 elapsed=293.5min
[train] epoch=1/1 update=43600/59320 lr=5.64e-05 loss=0.9015 elapsed=294.2min
[train] epoch=1/1 update=43700/59320 lr=5.60e-05 loss=0.5014 elapsed=294.9min
[train] epoch=1/1 update=43800/59320 lr=5.57e-05 loss=0.0132 elapsed=295.5min
[train] epoch=1/1 update=43900/59320 lr=5.53e-05 loss=0.0420 elapsed=296.2min
[train] epoch=1/1 update=44000/59320 lr=5.49e-05 loss=0.2310 elapsed=296.9min
[train] epoch=1/1 update=44100/59320 lr=5.46e-05 loss=0.7912 elapsed=297.6min
[train] epoch=1/1 update=44200/59320 lr=5.42e-05 loss=0.9901 elapsed=298.2min
[train] epoch=1/1 update=44300/59320 lr=5.39e-05 loss=0.6415 elapsed=298.9min
[train] epoch=1/1 update=44400/59320 lr=5.35e-05 loss=0.2807 elapsed=299.6min
[train] epoch=1/1 update=44500/59320 lr=5.32e-05 loss=0.0739 elapsed=300.2min
[train] epoch=1/1 update=44600/59320 lr=5.28e-05 loss=0.9696 elapsed=300.9min
[train] epoch=1/1 update=44700/59320 lr=5.24e-05 loss=0.6896 elapsed=301.5min
[train] epoch=1/1 update=44800/59320 lr=5.21e-05 loss=0.3690 elapsed=302.2min
[train] epoch=1/1 update=44900/59320 lr=5.17e-05 loss=0.0733 elapsed=302.9min
[train] epoch=1/1 update=45000/59320 lr=5.14e-05 loss=0.9566 elapsed=303.6min
[train] epoch=1/1 update=45100/59320 lr=5.10e-05 loss=0.1214 elapsed=304.3min
[train] epoch=1/1 update=45200/59320 lr=5.06e-05 loss=0.1601 elapsed=305.0min
[train] epoch=1/1 update=45300/59320 lr=5.03e-05 loss=0.4205 elapsed=305.7min
[train] epoch=1/1 update=45400/59320 lr=4.99e-05 loss=0.1076 elapsed=306.3min
[train] epoch=1/1 update=45500/59320 lr=4.96e-05 loss=0.5177 elapsed=307.0min
[train] epoch=1/1 update=45600/59320 lr=4.92e-05 loss=0.7401 elapsed=307.7min
[train] epoch=1/1 update=45700/59320 lr=4.89e-05 loss=0.1772 elapsed=308.4min
[train] epoch=1/1 update=45800/59320 lr=4.85e-05 loss=0.0151 elapsed=309.1min
[train] epoch=1/1 update=45900/59320 lr=4.81e-05 loss=0.0421 elapsed=309.7min
[train] epoch=1/1 update=46000/59320 lr=4.78e-05 loss=1.3069 elapsed=310.4min
[train] epoch=1/1 update=46100/59320 lr=4.74e-05 loss=1.1001 elapsed=311.1min
[train] epoch=1/1 update=46200/59320 lr=4.71e-05 loss=0.4955 elapsed=311.8min
[train] epoch=1/1 update=46300/59320 lr=4.67e-05 loss=0.4572 elapsed=312.4min
[train] epoch=1/1 update=46400/59320 lr=4.63e-05 loss=0.2061 elapsed=313.1min
[train] epoch=1/1 update=46500/59320 lr=4.60e-05 loss=0.0731 elapsed=313.8min
[train] epoch=1/1 update=46600/59320 lr=4.56e-05 loss=0.5751 elapsed=314.4min
[train] epoch=1/1 update=46700/59320 lr=4.53e-05 loss=0.1476 elapsed=315.1min
[train] epoch=1/1 update=46800/59320 lr=4.49e-05 loss=0.5502 elapsed=315.8min
[train] epoch=1/1 update=46900/59320 lr=4.45e-05 loss=0.0407 elapsed=316.4min
[train] epoch=1/1 update=47000/59320 lr=4.42e-05 loss=0.0768 elapsed=317.1min
[train] epoch=1/1 update=47100/59320 lr=4.38e-05 loss=0.5596 elapsed=317.8min
[train] epoch=1/1 update=47200/59320 lr=4.35e-05 loss=0.3545 elapsed=318.4min
[train] epoch=1/1 update=47300/59320 lr=4.31e-05 loss=0.1505 elapsed=319.1min
[train] epoch=1/1 update=47400/59320 lr=4.28e-05 loss=0.4377 elapsed=319.8min
[train] epoch=1/1 update=47500/59320 lr=4.24e-05 loss=0.4006 elapsed=320.5min
[train] epoch=1/1 update=47600/59320 lr=4.20e-05 loss=0.0317 elapsed=321.2min
[train] epoch=1/1 update=47700/59320 lr=4.17e-05 loss=0.0088 elapsed=321.9min
[train] epoch=1/1 update=47800/59320 lr=4.13e-05 loss=0.3459 elapsed=322.6min
[train] epoch=1/1 update=47900/59320 lr=4.10e-05 loss=0.0359 elapsed=323.3min
[train] epoch=1/1 update=48000/59320 lr=4.06e-05 loss=0.0906 elapsed=323.9min
[train] epoch=1/1 update=48100/59320 lr=4.02e-05 loss=0.0010 elapsed=324.6min
[train] epoch=1/1 update=48200/59320 lr=3.99e-05 loss=0.3573 elapsed=325.3min
[train] epoch=1/1 update=48300/59320 lr=3.95e-05 loss=0.7530 elapsed=326.0min
[train] epoch=1/1 update=48400/59320 lr=3.92e-05 loss=0.1838 elapsed=326.7min
[train] epoch=1/1 update=48500/59320 lr=3.88e-05 loss=1.3122 elapsed=327.4min
[train] epoch=1/1 update=48600/59320 lr=3.84e-05 loss=0.0380 elapsed=328.1min
[train] epoch=1/1 update=48700/59320 lr=3.81e-05 loss=0.3021 elapsed=328.7min
[train] epoch=1/1 update=48800/59320 lr=3.77e-05 loss=0.2471 elapsed=329.4min
[train] epoch=1/1 update=48900/59320 lr=3.74e-05 loss=0.4929 elapsed=330.1min
[train] epoch=1/1 update=49000/59320 lr=3.70e-05 loss=0.1510 elapsed=330.8min
[train] epoch=1/1 update=49100/59320 lr=3.67e-05 loss=0.2248 elapsed=331.4min
[train] epoch=1/1 update=49200/59320 lr=3.63e-05 loss=0.6842 elapsed=332.1min
[train] epoch=1/1 update=49300/59320 lr=3.59e-05 loss=0.0349 elapsed=332.8min
[train] epoch=1/1 update=49400/59320 lr=3.56e-05 loss=0.3599 elapsed=333.5min
[train] epoch=1/1 update=49500/59320 lr=3.52e-05 loss=0.5654 elapsed=334.1min
[train] epoch=1/1 update=49600/59320 lr=3.49e-05 loss=0.3086 elapsed=334.8min
[train] epoch=1/1 update=49700/59320 lr=3.45e-05 loss=0.5320 elapsed=335.5min
[train] epoch=1/1 update=49800/59320 lr=3.41e-05 loss=0.1537 elapsed=336.2min
[train] epoch=1/1 update=49900/59320 lr=3.38e-05 loss=0.3229 elapsed=336.8min
[train] epoch=1/1 update=50000/59320 lr=3.34e-05 loss=0.3447 elapsed=337.5min
[train] epoch=1/1 update=50100/59320 lr=3.31e-05 loss=0.1613 elapsed=338.2min
[train] epoch=1/1 update=50200/59320 lr=3.27e-05 loss=0.0176 elapsed=338.8min
[train] epoch=1/1 update=50300/59320 lr=3.24e-05 loss=0.7154 elapsed=339.5min
[train] epoch=1/1 update=50400/59320 lr=3.20e-05 loss=0.6065 elapsed=340.2min
[train] epoch=1/1 update=50500/59320 lr=3.16e-05 loss=0.4861 elapsed=340.9min
[train] epoch=1/1 update=50600/59320 lr=3.13e-05 loss=0.6597 elapsed=341.6min
[train] epoch=1/1 update=50700/59320 lr=3.09e-05 loss=0.2004 elapsed=342.2min
[train] epoch=1/1 update=50800/59320 lr=3.06e-05 loss=0.3883 elapsed=342.9min
[train] epoch=1/1 update=50900/59320 lr=3.02e-05 loss=0.2419 elapsed=343.6min
[train] epoch=1/1 update=51000/59320 lr=2.98e-05 loss=0.0477 elapsed=344.2min
[train] epoch=1/1 update=51100/59320 lr=2.95e-05 loss=0.2597 elapsed=344.9min
[train] epoch=1/1 update=51200/59320 lr=2.91e-05 loss=0.3864 elapsed=345.6min
[train] epoch=1/1 update=51300/59320 lr=2.88e-05 loss=0.3763 elapsed=346.3min
[train] epoch=1/1 update=51400/59320 lr=2.84e-05 loss=0.1891 elapsed=347.0min
[train] epoch=1/1 update=51500/59320 lr=2.80e-05 loss=0.0960 elapsed=347.7min
[train] epoch=1/1 update=51600/59320 lr=2.77e-05 loss=0.3432 elapsed=348.4min
[train] epoch=1/1 update=51700/59320 lr=2.73e-05 loss=0.3870 elapsed=349.1min
[train] epoch=1/1 update=51800/59320 lr=2.70e-05 loss=0.1561 elapsed=349.8min
[train] epoch=1/1 update=51900/59320 lr=2.66e-05 loss=0.0436 elapsed=350.4min
[train] epoch=1/1 update=52000/59320 lr=2.63e-05 loss=0.0968 elapsed=351.1min
[train] epoch=1/1 update=52100/59320 lr=2.59e-05 loss=0.6436 elapsed=351.8min
[train] epoch=1/1 update=52200/59320 lr=2.55e-05 loss=0.0044 elapsed=352.4min
[train] epoch=1/1 update=52300/59320 lr=2.52e-05 loss=0.2518 elapsed=353.1min
[train] epoch=1/1 update=52400/59320 lr=2.48e-05 loss=1.0967 elapsed=353.8min
[train] epoch=1/1 update=52500/59320 lr=2.45e-05 loss=0.6978 elapsed=354.5min
[train] epoch=1/1 update=52600/59320 lr=2.41e-05 loss=0.4427 elapsed=355.1min
[train] epoch=1/1 update=52700/59320 lr=2.37e-05 loss=0.5290 elapsed=355.8min
[train] epoch=1/1 update=52800/59320 lr=2.34e-05 loss=0.4407 elapsed=356.5min
[train] epoch=1/1 update=52900/59320 lr=2.30e-05 loss=0.0414 elapsed=357.2min
[train] epoch=1/1 update=53000/59320 lr=2.27e-05 loss=0.4425 elapsed=357.9min
[train] epoch=1/1 update=53100/59320 lr=2.23e-05 loss=0.0513 elapsed=358.6min
[train] epoch=1/1 update=53200/59320 lr=2.20e-05 loss=0.3618 elapsed=359.3min
[train] epoch=1/1 update=53300/59320 lr=2.16e-05 loss=0.1867 elapsed=359.9min
[train] epoch=1/1 update=53400/59320 lr=2.12e-05 loss=0.3736 elapsed=360.6min
[train] epoch=1/1 update=53500/59320 lr=2.09e-05 loss=0.8635 elapsed=361.3min
[train] epoch=1/1 update=53600/59320 lr=2.05e-05 loss=0.0694 elapsed=362.0min
[train] epoch=1/1 update=53700/59320 lr=2.02e-05 loss=0.5912 elapsed=362.7min
[train] epoch=1/1 update=53800/59320 lr=1.98e-05 loss=0.2770 elapsed=363.3min
[train] epoch=1/1 update=53900/59320 lr=1.94e-05 loss=0.1198 elapsed=364.0min
[train] epoch=1/1 update=54000/59320 lr=1.91e-05 loss=0.3879 elapsed=364.7min
[train] epoch=1/1 update=54100/59320 lr=1.87e-05 loss=0.1081 elapsed=365.4min
[train] epoch=1/1 update=54200/59320 lr=1.84e-05 loss=0.0047 elapsed=366.0min
[train] epoch=1/1 update=54300/59320 lr=1.80e-05 loss=0.1226 elapsed=366.7min
[train] epoch=1/1 update=54400/59320 lr=1.76e-05 loss=0.1046 elapsed=367.4min
[train] epoch=1/1 update=54500/59320 lr=1.73e-05 loss=0.2981 elapsed=368.1min
[train] epoch=1/1 update=54600/59320 lr=1.69e-05 loss=0.0952 elapsed=368.8min
[train] epoch=1/1 update=54700/59320 lr=1.66e-05 loss=0.0372 elapsed=369.5min
[train] epoch=1/1 update=54800/59320 lr=1.62e-05 loss=0.5867 elapsed=370.1min
[train] epoch=1/1 update=54900/59320 lr=1.59e-05 loss=0.2816 elapsed=370.8min
[train] epoch=1/1 update=55000/59320 lr=1.55e-05 loss=0.1104 elapsed=371.5min
[train] epoch=1/1 update=55100/59320 lr=1.51e-05 loss=0.0987 elapsed=372.2min
[train] epoch=1/1 update=55200/59320 lr=1.48e-05 loss=0.1146 elapsed=372.8min
[train] epoch=1/1 update=55300/59320 lr=1.44e-05 loss=0.8898 elapsed=373.5min
[train] epoch=1/1 update=55400/59320 lr=1.41e-05 loss=0.2120 elapsed=374.1min
[train] epoch=1/1 update=55500/59320 lr=1.37e-05 loss=0.3839 elapsed=374.8min
[train] epoch=1/1 update=55600/59320 lr=1.33e-05 loss=0.1730 elapsed=375.5min
[train] epoch=1/1 update=55700/59320 lr=1.30e-05 loss=0.1156 elapsed=376.1min
[train] epoch=1/1 update=55800/59320 lr=1.26e-05 loss=0.4597 elapsed=376.8min
[train] epoch=1/1 update=55900/59320 lr=1.23e-05 loss=0.1758 elapsed=377.5min
[train] epoch=1/1 update=56000/59320 lr=1.19e-05 loss=0.1586 elapsed=378.2min
[train] epoch=1/1 update=56100/59320 lr=1.15e-05 loss=0.3557 elapsed=378.8min
[train] epoch=1/1 update=56200/59320 lr=1.12e-05 loss=0.0466 elapsed=379.5min
[train] epoch=1/1 update=56300/59320 lr=1.08e-05 loss=0.1861 elapsed=380.2min
[train] epoch=1/1 update=56400/59320 lr=1.05e-05 loss=0.1655 elapsed=380.9min
[train] epoch=1/1 update=56500/59320 lr=1.01e-05 loss=0.3331 elapsed=381.5min
[train] epoch=1/1 update=56600/59320 lr=9.76e-06 loss=0.0966 elapsed=382.2min
[train] epoch=1/1 update=56700/59320 lr=9.40e-06 loss=0.1648 elapsed=382.9min
[train] epoch=1/1 update=56800/59320 lr=9.04e-06 loss=0.9353 elapsed=383.5min
[train] epoch=1/1 update=56900/59320 lr=8.68e-06 loss=0.5944 elapsed=384.2min
[train] epoch=1/1 update=57000/59320 lr=8.32e-06 loss=0.2068 elapsed=384.9min
[train] epoch=1/1 update=57100/59320 lr=7.96e-06 loss=0.1528 elapsed=385.6min
[train] epoch=1/1 update=57200/59320 lr=7.60e-06 loss=0.0624 elapsed=386.3min
[train] epoch=1/1 update=57300/59320 lr=7.25e-06 loss=0.2738 elapsed=386.9min
[train] epoch=1/1 update=57400/59320 lr=6.89e-06 loss=0.1380 elapsed=387.6min
[train] epoch=1/1 update=57500/59320 lr=6.53e-06 loss=0.5162 elapsed=388.2min
[train] epoch=1/1 update=57600/59320 lr=6.17e-06 loss=0.5354 elapsed=388.9min
[train] epoch=1/1 update=57700/59320 lr=5.81e-06 loss=0.7425 elapsed=389.6min
[train] epoch=1/1 update=57800/59320 lr=5.45e-06 loss=0.0181 elapsed=390.3min
[train] epoch=1/1 update=57900/59320 lr=5.09e-06 loss=0.0639 elapsed=390.9min
[train] epoch=1/1 update=58000/59320 lr=4.73e-06 loss=0.1517 elapsed=391.6min
[train] epoch=1/1 update=58100/59320 lr=4.38e-06 loss=0.4435 elapsed=392.3min
[train] epoch=1/1 update=58200/59320 lr=4.02e-06 loss=0.1388 elapsed=392.9min
[train] epoch=1/1 update=58300/59320 lr=3.66e-06 loss=0.0416 elapsed=393.6min
[train] epoch=1/1 update=58400/59320 lr=3.30e-06 loss=0.2945 elapsed=394.3min
[train] epoch=1/1 update=58500/59320 lr=2.94e-06 loss=0.6952 elapsed=395.0min
[train] epoch=1/1 update=58600/59320 lr=2.58e-06 loss=0.4658 elapsed=395.6min
[train] epoch=1/1 update=58700/59320 lr=2.22e-06 loss=0.1745 elapsed=396.3min
[train] epoch=1/1 update=58800/59320 lr=1.87e-06 loss=0.1828 elapsed=397.0min
[train] epoch=1/1 update=58900/59320 lr=1.51e-06 loss=0.0224 elapsed=397.7min
[train] epoch=1/1 update=59000/59320 lr=1.15e-06 loss=0.0568 elapsed=398.3min
[train] epoch=1/1 update=59100/59320 lr=7.89e-07 loss=0.2010 elapsed=399.0min
[train] epoch=1/1 update=59200/59320 lr=4.30e-07 loss=0.2168 elapsed=399.6min
[train] epoch=1/1 update=59300/59320 lr=7.17e-08 loss=0.0247 elapsed=400.3min
[eval] epoch=1/1
{
  "cola": {
    "validation": 0.48839034585258967
  },
  "sst2": {
    "validation": 0.9208715596330275
  },
  "mrpc": {
    "validation": 0.8627450980392157
  },
  "qqp": {
    "validation": 0.8803611179816968
  },
  "mnli": {
    "validation_matched": 0.8581762608252674,
    "validation_mismatched": 0.8593368592351506,
    "validation_avg": 0.858756560030209
  },
  "qnli": {
    "validation": 0.9137836353651839
  },
  "rte": {
    "validation": 0.7617328519855595
  },
  "stsb": {
    "validation": 0.9099937140298326
  },
  "glue_avg": {
    "avg": 0.8245793603646644
  }
}
[INFO] Saved adapter_state.pt + heads_state.pt to /home/christian.jesinghaus/FL/130126/MTL-LoRA/outputs/roberta_glue_mlora_23153
