/usr/bin/python3: can't open file 'python3': [Errno 2] No such file or directory
/usr/bin/python3: can't open file 'python3': [Errno 2] No such file or directory
E0115 18:49:41.337091 140135011977024 torch/distributed/elastic/multiprocessing/api.py:826] failed (exitcode: 2) local_rank: 0 (pid: 3178926) of binary: /usr/bin/python3
Traceback (most recent call last):
  File "/usr/local/bin/torchrun", line 8, in <module>
    sys.exit(main())
  File "/usr/local/lib/python3.8/dist-packages/torch/distributed/elastic/multiprocessing/errors/__init__.py", line 347, in wrapper
    return f(*args, **kwargs)
  File "/usr/local/lib/python3.8/dist-packages/torch/distributed/run.py", line 879, in main
    run(args)
  File "/usr/local/lib/python3.8/dist-packages/torch/distributed/run.py", line 870, in run
    elastic_launch(
  File "/usr/local/lib/python3.8/dist-packages/torch/distributed/launcher/api.py", line 132, in __call__
    return launch_agent(self._config, self._entrypoint, list(args))
  File "/usr/local/lib/python3.8/dist-packages/torch/distributed/launcher/api.py", line 263, in launch_agent
    raise ChildFailedError(
torch.distributed.elastic.multiprocessing.errors.ChildFailedError: 
============================================================
python3 FAILED
------------------------------------------------------------
Failures:
[1]:
  time      : 2026-01-15_18:49:41
  host      : pascal-node01.l3s.intra
  rank      : 1 (local_rank: 1)
  exitcode  : 2 (pid: 3178927)
  error_file: <N/A>
  traceback : To enable traceback see: https://pytorch.org/docs/stable/elastic/errors.html
------------------------------------------------------------
Root Cause (first observed failure):
[0]:
  time      : 2026-01-15_18:49:41
  host      : pascal-node01.l3s.intra
  rank      : 0 (local_rank: 0)
  exitcode  : 2 (pid: 3178926)
  error_file: <N/A>
  traceback : To enable traceback see: https://pytorch.org/docs/stable/elastic/errors.html
============================================================
